2026-03-09T15:01:24.0576054Z Current runner version: '2.332.0'
2026-03-09T15:01:24.0585101Z Runner name: 'ghrnr000000'
2026-03-09T15:01:24.0586433Z Runner group name: 'default'
2026-03-09T15:01:24.0587708Z Machine name: 'ghrnr000000'
2026-03-09T15:01:24.0593495Z ##[group]GITHUB_TOKEN Permissions
2026-03-09T15:01:24.0596856Z Contents: read
2026-03-09T15:01:24.0597865Z Metadata: read
2026-03-09T15:01:24.0598708Z ##[endgroup]
2026-03-09T15:01:24.0601862Z Secret source: Actions
2026-03-09T15:01:24.0603094Z Prepare workflow directory
2026-03-09T15:01:24.1137624Z Prepare all required actions
2026-03-09T15:01:24.1177553Z Getting action download info
2026-03-09T15:01:24.7457212Z Download action repository 'actions/checkout@v4' (SHA:34e114876b0b11c390a56381ad16ebd13914f8d5)
2026-03-09T15:01:24.9858614Z Download action repository 'azure/login@v2' (SHA:a457da9ea143d694b1b9c7c869ebb04ebe844ef5)
2026-03-09T15:01:26.1877696Z Download action repository 'hashicorp/setup-packer@v3' (SHA:1aa358be5cf73883762b302a3a03abd66e75b232)
2026-03-09T15:01:27.5710362Z Download action repository 'actions/upload-artifact@v4' (SHA:ea165f8d65b6e75b540449e92b4886f43607fa02)
2026-03-09T15:01:27.9745713Z Complete job name: Build Image profiles/sql2017-ws2019-enterprise-gen2
2026-03-09T15:01:28.0418723Z ##[group]Run actions/checkout@v4
2026-03-09T15:01:28.0419513Z with:
2026-03-09T15:01:28.0419874Z   repository: Derek-Coleman-Associates-Corporation/azure-packer-image-factory
2026-03-09T15:01:28.0420487Z   token: ***
2026-03-09T15:01:28.0420688Z   ssh-strict: true
2026-03-09T15:01:28.0420893Z   ssh-user: git
2026-03-09T15:01:28.0421105Z   persist-credentials: true
2026-03-09T15:01:28.0421356Z   clean: true
2026-03-09T15:01:28.0421566Z   sparse-checkout-cone-mode: true
2026-03-09T15:01:28.0421820Z   fetch-depth: 1
2026-03-09T15:01:28.0422024Z   fetch-tags: false
2026-03-09T15:01:28.0422233Z   show-progress: true
2026-03-09T15:01:28.0422436Z   lfs: false
2026-03-09T15:01:28.0422611Z   submodules: false
2026-03-09T15:01:28.0422825Z   set-safe-directory: true
2026-03-09T15:01:28.0423273Z ##[endgroup]
2026-03-09T15:01:28.1538016Z Syncing repository: Derek-Coleman-Associates-Corporation/azure-packer-image-factory
2026-03-09T15:01:28.1540712Z ##[group]Getting Git version info
2026-03-09T15:01:28.1541855Z Working directory is '/home/runner/actions-runner/_work/azure-packer-image-factory/azure-packer-image-factory'
2026-03-09T15:01:28.1543281Z [command]/usr/bin/git version
2026-03-09T15:01:28.1543818Z git version 2.34.1
2026-03-09T15:01:28.1567958Z ##[endgroup]
2026-03-09T15:01:28.1584879Z Temporarily overriding HOME='/home/runner/actions-runner/_work/_temp/fe1aad6d-312c-4b21-b47d-3790e6a1e5c7' before making global git config changes
2026-03-09T15:01:28.1586410Z Adding repository directory to the temporary git global config as a safe directory
2026-03-09T15:01:28.1591769Z [command]/usr/bin/git config --global --add safe.directory /home/runner/actions-runner/_work/azure-packer-image-factory/azure-packer-image-factory
2026-03-09T15:01:28.1629626Z [command]/usr/bin/git config --local --get remote.origin.url
2026-03-09T15:01:28.1648535Z https://github.com/Derek-Coleman-Associates-Corporation/azure-packer-image-factory
2026-03-09T15:01:28.1664400Z ##[group]Removing previously created refs, to avoid conflicts
2026-03-09T15:01:28.1667840Z [command]/usr/bin/git rev-parse --symbolic-full-name --verify --quiet HEAD
2026-03-09T15:01:28.1687320Z refs/heads/master
2026-03-09T15:01:28.1697242Z [command]/usr/bin/git checkout --detach
2026-03-09T15:01:28.2365942Z HEAD is now at 40e90f2 fix: set max-parallel in matrix build to prevent vcpu quota limits
2026-03-09T15:01:28.2408310Z [command]/usr/bin/git branch --delete --force master
2026-03-09T15:01:28.2433989Z Deleted branch master (was 40e90f2).
2026-03-09T15:01:28.2465691Z ##[endgroup]
2026-03-09T15:01:28.2469180Z [command]/usr/bin/git submodule status
2026-03-09T15:01:28.2679409Z ##[group]Cleaning the repository
2026-03-09T15:01:28.2683709Z [command]/usr/bin/git clean -ffdx
2026-03-09T15:01:28.2709659Z Removing packerbuild.log
2026-03-09T15:01:28.2718531Z [command]/usr/bin/git reset --hard HEAD
2026-03-09T15:01:28.2751593Z HEAD is now at 40e90f2 fix: set max-parallel in matrix build to prevent vcpu quota limits
2026-03-09T15:01:28.2757164Z ##[endgroup]
2026-03-09T15:01:28.2759329Z ##[group]Disabling automatic garbage collection
2026-03-09T15:01:28.2763691Z [command]/usr/bin/git config --local gc.auto 0
2026-03-09T15:01:28.2798466Z ##[endgroup]
2026-03-09T15:01:28.2799342Z ##[group]Setting up auth
2026-03-09T15:01:28.2805534Z [command]/usr/bin/git config --local --name-only --get-regexp core\.sshCommand
2026-03-09T15:01:28.2834233Z [command]/usr/bin/git submodule foreach --recursive sh -c "git config --local --name-only --get-regexp 'core\.sshCommand' && git config --local --unset-all 'core.sshCommand' || :"
2026-03-09T15:01:28.3052899Z [command]/usr/bin/git config --local --name-only --get-regexp http\.https\:\/\/github\.com\/\.extraheader
2026-03-09T15:01:28.3080120Z [command]/usr/bin/git submodule foreach --recursive sh -c "git config --local --name-only --get-regexp 'http\.https\:\/\/github\.com\/\.extraheader' && git config --local --unset-all 'http.https://github.com/.extraheader' || :"
2026-03-09T15:01:28.3295929Z [command]/usr/bin/git config --local --name-only --get-regexp ^includeIf\.gitdir:
2026-03-09T15:01:28.3324873Z [command]/usr/bin/git submodule foreach --recursive git config --local --show-origin --name-only --get-regexp remote.origin.url
2026-03-09T15:01:28.3542009Z [command]/usr/bin/git config --local http.https://github.com/.extraheader AUTHORIZATION: basic ***
2026-03-09T15:01:28.3576420Z ##[endgroup]
2026-03-09T15:01:28.3577230Z ##[group]Fetching the repository
2026-03-09T15:01:28.3586187Z [command]/usr/bin/git -c protocol.version=2 fetch --no-tags --prune --no-recurse-submodules --depth=1 origin +05635dc9b9581a9ff7772c300ac704a627d5daf9:refs/remotes/origin/master
2026-03-09T15:01:28.6019445Z From https://github.com/Derek-Coleman-Associates-Corporation/azure-packer-image-factory
2026-03-09T15:01:28.6021371Z  + 40e90f2...05635dc 05635dc9b9581a9ff7772c300ac704a627d5daf9 -> origin/master  (forced update)
2026-03-09T15:01:28.6043037Z ##[endgroup]
2026-03-09T15:01:28.6044130Z ##[group]Determining the checkout info
2026-03-09T15:01:28.6045940Z ##[endgroup]
2026-03-09T15:01:28.6051117Z [command]/usr/bin/git sparse-checkout disable
2026-03-09T15:01:28.6086874Z [command]/usr/bin/git config --local --unset-all extensions.worktreeConfig
2026-03-09T15:01:28.6112567Z ##[group]Checking out the ref
2026-03-09T15:01:28.6116566Z [command]/usr/bin/git checkout --progress --force -B master refs/remotes/origin/master
2026-03-09T15:01:28.6213814Z Warning: you are leaving 1 commit behind, not connected to
2026-03-09T15:01:28.6214731Z any of your branches:
2026-03-09T15:01:28.6215096Z 
2026-03-09T15:01:28.6215527Z   40e90f2 fix: set max-parallel in matrix build to prevent vcpu quota limits
2026-03-09T15:01:28.6216213Z 
2026-03-09T15:01:28.6216484Z If you want to keep it by creating a new branch, this may be a good time
2026-03-09T15:01:28.6217107Z to do so with:
2026-03-09T15:01:28.6217364Z 
2026-03-09T15:01:28.6217664Z  git branch <new-branch-name> 40e90f2
2026-03-09T15:01:28.6217930Z 
2026-03-09T15:01:28.6280945Z Switched to a new branch 'master'
2026-03-09T15:01:28.6282973Z Branch 'master' set up to track remote branch 'master' from 'origin'.
2026-03-09T15:01:28.6287419Z ##[endgroup]
2026-03-09T15:01:28.6321019Z [command]/usr/bin/git log -1 --format=%H
2026-03-09T15:01:28.6342818Z 05635dc9b9581a9ff7772c300ac704a627d5daf9
2026-03-09T15:01:28.6554178Z ##[group]Run azure/login@v2
2026-03-09T15:01:28.6554621Z with:
2026-03-09T15:01:28.6555098Z   client-id: ***
2026-03-09T15:01:28.6555456Z   tenant-id: ***
2026-03-09T15:01:28.6555894Z   subscription-id: ***
2026-03-09T15:01:28.6556226Z   enable-AzPSSession: false
2026-03-09T15:01:28.6556523Z   environment: azurecloud
2026-03-09T15:01:28.6556929Z   allow-no-subscriptions: false
2026-03-09T15:01:28.6557307Z   audience: api://AzureADTokenExchange
2026-03-09T15:01:28.6557673Z   auth-type: SERVICE_PRINCIPAL
2026-03-09T15:01:28.6558298Z ##[endgroup]
2026-03-09T15:01:28.6936024Z Running Azure CLI Login.
2026-03-09T15:01:28.9613265Z [command]/usr/bin/az cloud set -n azurecloud
2026-03-09T15:01:29.2608061Z Done setting cloud: "azurecloud"
2026-03-09T15:01:29.3640932Z Federated token details:
2026-03-09T15:01:29.3641777Z  issuer - https://token.actions.githubusercontent.com
2026-03-09T15:01:29.3643430Z  subject claim - repo:Derek-Coleman-Associates-Corporation/azure-packer-image-factory:ref:refs/heads/master
2026-03-09T15:01:29.3644760Z  audience - api://AzureADTokenExchange
2026-03-09T15:01:29.3646340Z  job_workflow_ref - Derek-Coleman-Associates-Corporation/azure-packer-image-factory/.github/workflows/packer-matrix-build.yml@refs/heads/master
2026-03-09T15:01:29.3647825Z Attempting Azure CLI login by using OIDC...
2026-03-09T15:01:30.7041869Z Subscription is set successfully.
2026-03-09T15:01:30.7042803Z Azure CLI login succeeds by using OIDC.
2026-03-09T15:01:30.7152525Z ##[group]Run hashicorp/setup-packer@v3
2026-03-09T15:01:30.7153079Z with:
2026-03-09T15:01:30.7153438Z   version: latest
2026-03-09T15:01:30.7153807Z ##[endgroup]
2026-03-09T15:01:30.8592549Z Installing packer:latest and adding it to GitHub Actions Path
2026-03-09T15:01:30.9501192Z Downloading packer_1.15.0_linux_amd64.zip.
2026-03-09T15:01:31.1452098Z [command]/usr/bin/unzip -o -q /home/runner/actions-runner/_work/_temp/packer_1.15.0_linux_amd64.zip
2026-03-09T15:01:31.5054178Z packer:latest added to path
2026-03-09T15:01:31.7822455Z ##[group]Run set -e
2026-03-09T15:01:31.7822805Z [36;1mset -e[0m
2026-03-09T15:01:31.7823184Z [36;1mPROFILE_FILE="profiles/sql2017-ws2019-enterprise-gen2/profile.yml"[0m
2026-03-09T15:01:31.7823640Z [36;1mif [[ ! -f "$PROFILE_FILE" ]]; then[0m
2026-03-09T15:01:31.7824015Z [36;1m  echo "Profile file missing at $PROFILE_FILE"[0m
2026-03-09T15:01:31.7824326Z [36;1m  exit 1[0m
2026-03-09T15:01:31.7824520Z [36;1mfi[0m
2026-03-09T15:01:31.7824697Z [36;1m[0m
2026-03-09T15:01:31.7825004Z [36;1mprofile_id="$(awk -F': ' '/^profile_id:/{print $2; exit}' "$PROFILE_FILE")"[0m
2026-03-09T15:01:31.7825525Z [36;1mos_family="$(awk -F': ' '/^os_family:/{print $2; exit}' "$PROFILE_FILE")"[0m
2026-03-09T15:01:31.7826050Z [36;1msource_urn="$(awk -F': ' '/^source_image_urn:/{print $2; exit}' "$PROFILE_FILE")"[0m
2026-03-09T15:01:31.7826585Z [36;1mimage_def="$(awk -F': ' '$1 ~ /image_definition/{print $2; exit}' "$PROFILE_FILE")"[0m
2026-03-09T15:01:31.7827101Z [36;1msig_sku="$(awk -F': ' '$1 ~ /sku/{print $2; exit}' "$PROFILE_FILE")"[0m
2026-03-09T15:01:31.7827552Z [36;1mvm_size="$(awk -F': ' '$1 ~ /vm_size/{print $2; exit}' "$PROFILE_FILE")"[0m
2026-03-09T15:01:31.7827904Z [36;1m[0m
2026-03-09T15:01:31.7828228Z [36;1mIFS=':' read -r source_pub source_offer source_sku source_ver <<< "$source_urn"[0m
2026-03-09T15:01:31.7828616Z [36;1m[0m
2026-03-09T15:01:31.7828854Z [36;1mecho "os_family=$os_family" >> "$GITHUB_OUTPUT"[0m
2026-03-09T15:01:31.7829523Z [36;1mecho "profile_id=$profile_id" >> "$GITHUB_OUTPUT"[0m
2026-03-09T15:01:31.7829935Z [36;1mecho "source_pub=$source_pub" >> "$GITHUB_OUTPUT"[0m
2026-03-09T15:01:31.7830334Z [36;1mecho "source_offer=$source_offer" >> "$GITHUB_OUTPUT"[0m
2026-03-09T15:01:31.7830697Z [36;1mecho "source_sku=$source_sku" >> "$GITHUB_OUTPUT"[0m
2026-03-09T15:01:31.7831062Z [36;1mecho "source_ver=$source_ver" >> "$GITHUB_OUTPUT"[0m
2026-03-09T15:01:31.7831437Z [36;1mecho "image_definition=$image_def" >> "$GITHUB_OUTPUT"[0m
2026-03-09T15:01:31.7831810Z [36;1mecho "vm_size=$vm_size" >> "$GITHUB_OUTPUT"[0m
2026-03-09T15:01:31.7832238Z [36;1mecho "temp_rg=rg-packer-temp-${profile_id}-22859732196" >> "$GITHUB_OUTPUT"[0m
2026-03-09T15:01:31.7855061Z shell: /usr/bin/bash --noprofile --norc -e -o pipefail {0}
2026-03-09T15:01:31.7855440Z ##[endgroup]
2026-03-09T15:01:31.8116868Z ##[group]Run set -e
2026-03-09T15:01:31.8117171Z [36;1mset -e[0m
2026-03-09T15:01:31.8117462Z [36;1mDEF_NAME="imgdef-sql2017-ws2019-enterprise-gen2"[0m
2026-03-09T15:01:31.8117846Z [36;1mRG_NAME="RG-PACKER-IMAGE-FACTORY-EASTUS"[0m
2026-03-09T15:01:31.8118407Z [36;1mGALLERY_NAME="acgpackerfactoryeastus"[0m
2026-03-09T15:01:31.8118719Z [36;1mOS_TYPE="Windows"[0m
2026-03-09T15:01:31.8119254Z [36;1mif [ "windows" == "linux" ]; then OS_TYPE="Linux"; fi[0m
2026-03-09T15:01:31.8119569Z [36;1m[0m
2026-03-09T15:01:31.8119809Z [36;1mecho "Verifying image definition: $DEF_NAME"[0m
2026-03-09T15:01:31.8120208Z [36;1m# Try to get the image definition, create if it doesn't exist[0m
2026-03-09T15:01:31.8120755Z [36;1mif ! az sig image-definition show -g "$RG_NAME" -r "$GALLERY_NAME" -i "$DEF_NAME" &>/dev/null; then[0m
2026-03-09T15:01:31.8121372Z [36;1m  echo "Creating missing Image Definition $DEF_NAME in $GALLERY_NAME ($RG_NAME)..."[0m
2026-03-09T15:01:31.8121856Z [36;1m  az sig image-definition create \[0m
2026-03-09T15:01:31.8122137Z [36;1m    -g "$RG_NAME" \[0m
2026-03-09T15:01:31.8122374Z [36;1m    -r "$GALLERY_NAME" \[0m
2026-03-09T15:01:31.8122624Z [36;1m    -i "$DEF_NAME" \[0m
2026-03-09T15:01:31.8122886Z [36;1m    -p "dcassociatesgroup-com" \[0m
2026-03-09T15:01:31.8123172Z [36;1m    -f "sql2017-ws2019" \[0m
2026-03-09T15:01:31.8123432Z [36;1m    -s "enterprise-gen2" \[0m
2026-03-09T15:01:31.8123693Z [36;1m    --os-type "$OS_TYPE" \[0m
2026-03-09T15:01:31.8123950Z [36;1m    --os-state Generalized \[0m
2026-03-09T15:01:31.8124223Z [36;1m    --hyper-v-generation "V1" \[0m
2026-03-09T15:01:31.8124494Z [36;1m    --only-show-errors[0m
2026-03-09T15:01:31.8124730Z [36;1melse[0m
2026-03-09T15:01:31.8124987Z [36;1m  echo "Image definition $DEF_NAME already exists."[0m
2026-03-09T15:01:31.8125292Z [36;1mfi[0m
2026-03-09T15:01:31.8142452Z shell: /usr/bin/bash --noprofile --norc -e -o pipefail {0}
2026-03-09T15:01:31.8142805Z ##[endgroup]
2026-03-09T15:01:31.8177375Z Verifying image definition: imgdef-sql2017-ws2019-enterprise-gen2
2026-03-09T15:01:32.7613657Z Image definition imgdef-sql2017-ws2019-enterprise-gen2 already exists.
2026-03-09T15:01:32.7655183Z ##[group]Run set -e
2026-03-09T15:01:32.7655471Z [36;1mset -e[0m
2026-03-09T15:01:32.7655704Z [36;1m[0m
2026-03-09T15:01:32.7655892Z [36;1mOS_FAMILY="windows"[0m
2026-03-09T15:01:32.7656115Z [36;1m[0m
2026-03-09T15:01:32.7656322Z [36;1mif [ "$OS_FAMILY" == "windows" ]; then[0m
2026-03-09T15:01:32.7656677Z [36;1m  TEMPLATE_FILE="packer/windows/windows.pkr.hcl"[0m
2026-03-09T15:01:32.7657061Z [36;1m  EXTRA_VARS=( "-var" "vm_admin_password=" )[0m
2026-03-09T15:01:32.7657391Z [36;1melif [ "$OS_FAMILY" == "linux" ]; then[0m
2026-03-09T15:01:32.7657729Z [36;1m  TEMPLATE_FILE="packer/ubuntu/ubuntu.pkr.hcl"[0m
2026-03-09T15:01:32.7658035Z [36;1m  EXTRA_VARS=()[0m
2026-03-09T15:01:32.7658252Z [36;1melse[0m
2026-03-09T15:01:32.7658478Z [36;1m  echo "Unsupported OS family: $OS_FAMILY"[0m
2026-03-09T15:01:32.7658759Z [36;1m  exit 1[0m
2026-03-09T15:01:32.7659338Z [36;1mfi[0m
2026-03-09T15:01:32.7659513Z [36;1m[0m
2026-03-09T15:01:32.7659731Z [36;1mpacker init "$TEMPLATE_FILE"[0m
2026-03-09T15:01:32.7659978Z [36;1m[0m
2026-03-09T15:01:32.7660165Z [36;1mpacker build \[0m
2026-03-09T15:01:32.7660380Z [36;1m  -force \[0m
2026-03-09T15:01:32.7660660Z [36;1m  -var "profile_id=sql2017-ws2019-enterprise-gen2" \[0m
2026-03-09T15:01:32.7660996Z [36;1m  -var "location=eastus" \[0m
2026-03-09T15:01:32.7661359Z [36;1m  -var "build_resource_group_name=RG-PACKER-IMAGE-FACTORY-EASTUS" \[0m
2026-03-09T15:01:32.7661759Z [36;1m  -var "vm_size=Standard_D4as_v5" \[0m
2026-03-09T15:01:32.7662150Z [36;1m  -var "managed_image_name=sql2017-ws2019-enterprise-gen2-22859732196" \[0m
2026-03-09T15:01:32.7662604Z [36;1m  -var "source_image_publisher=MicrosoftSQLServer" \[0m
2026-03-09T15:01:32.7662959Z [36;1m  -var "source_image_offer=sql2017-ws2019" \[0m
2026-03-09T15:01:32.7663288Z [36;1m  -var "source_image_sku=enterprise-gen2" \[0m
2026-03-09T15:01:32.7663613Z [36;1m  -var "source_image_version=latest" \[0m
2026-03-09T15:01:32.7664006Z [36;1m  -var "gallery_resource_group=RG-PACKER-IMAGE-FACTORY-EASTUS" \[0m
2026-03-09T15:01:32.7664430Z [36;1m  -var "gallery_name=acgpackerfactoryeastus" \[0m
2026-03-09T15:01:32.7665023Z [36;1m  -var "image_definition=imgdef-sql2017-ws2019-enterprise-gen2" \[0m
2026-03-09T15:01:32.7665405Z [36;1m  -var "image_version=1.0.15" \[0m
2026-03-09T15:01:32.7665704Z [36;1m  -var "replication_regions=[\"eastus\"]" \[0m
2026-03-09T15:01:32.7665995Z [36;1m  "${EXTRA_VARS[@]}" \[0m
2026-03-09T15:01:32.7666270Z [36;1m  "$TEMPLATE_FILE" 2>&1 | tee packerbuild.log[0m
2026-03-09T15:01:32.7683270Z shell: /usr/bin/bash --noprofile --norc -e -o pipefail {0}
2026-03-09T15:01:32.7683603Z env:
2026-03-09T15:01:32.7684079Z   ARM_CLIENT_ID: ***
2026-03-09T15:01:32.7684437Z   ARM_CLIENT_SECRET: ***
2026-03-09T15:01:32.7684734Z   ARM_TENANT_ID: ***
2026-03-09T15:01:32.7685014Z   ARM_SUBSCRIPTION_ID: ***
2026-03-09T15:01:32.7685245Z ##[endgroup]
2026-03-09T15:01:33.3800264Z Error: 1 error(s) occurred:
2026-03-09T15:01:33.3800715Z 
2026-03-09T15:01:33.3801331Z * Specify either a location to create the resource group in or an existing build_resource_group_name, but not both.
2026-03-09T15:01:33.3802068Z 
2026-03-09T15:01:33.3802271Z   on packer/windows/windows.pkr.hcl line 42:
2026-03-09T15:01:33.3802793Z   (source code not available)
2026-03-09T15:01:33.3803086Z 
2026-03-09T15:01:33.3803094Z 
2026-03-09T15:01:33.5400724Z ##[error]Process completed with exit code 1.
2026-03-09T15:01:33.5452414Z ##[group]Run echo "Packer Build Failed for profiles/sql2017-ws2019-enterprise-gen2. Extracting error tail..."
2026-03-09T15:01:33.5453234Z [36;1mecho "Packer Build Failed for profiles/sql2017-ws2019-enterprise-gen2. Extracting error tail..."[0m
2026-03-09T15:01:33.5453749Z [36;1mmkdir -p evidence/failures[0m
2026-03-09T15:01:33.5454217Z [36;1mtail -n 50 packerbuild.log > "evidence/failures/failed-sql2017-ws2019-enterprise-gen2.txt"[0m
2026-03-09T15:01:33.5471567Z shell: /usr/bin/bash --noprofile --norc -e -o pipefail {0}
2026-03-09T15:01:33.5471914Z ##[endgroup]
2026-03-09T15:01:33.5508543Z Packer Build Failed for profiles/sql2017-ws2019-enterprise-gen2. Extracting error tail...
2026-03-09T15:01:33.5560914Z ##[group]Run echo "Scanning for and deleting orphaned Packer Resource Groups..."
2026-03-09T15:01:33.5561519Z [36;1mecho "Scanning for and deleting orphaned Packer Resource Groups..."[0m
2026-03-09T15:01:33.5562051Z [36;1m# Match precisely the expected Packer temporary naming scheme per workflow ID[0m
2026-03-09T15:01:33.5562672Z [36;1mSTRANDED_RGS=$(az group list --query "[?starts_with(name, 'pkr-Resource-Group-')].name" -o tsv)[0m
2026-03-09T15:01:33.5563158Z [36;1mfor rg in $STRANDED_RGS; do[0m
2026-03-09T15:01:33.5563503Z [36;1m  echo "Attempting cleanup on stranded Resource Group: $rg"[0m
2026-03-09T15:01:33.5563976Z [36;1m  az group delete --name "$rg" --yes --no-wait || echo "Failed to delete $rg"[0m
2026-03-09T15:01:33.5564369Z [36;1mdone[0m
2026-03-09T15:01:33.5580444Z shell: /usr/bin/bash --noprofile --norc -e -o pipefail {0}
2026-03-09T15:01:33.5580786Z ##[endgroup]
2026-03-09T15:01:33.5616125Z Scanning for and deleting orphaned Packer Resource Groups...
2026-03-09T15:01:34.6090664Z ##[group]Run actions/upload-artifact@v4
2026-03-09T15:01:34.6091191Z with:
2026-03-09T15:01:34.6091690Z   name: global-build-errors-sql2017-ws2019-enterprise-gen2
2026-03-09T15:01:34.6092316Z   path: evidence/failures/
2026-03-09T15:01:34.6092729Z   retention-days: 7
2026-03-09T15:01:34.6093110Z   if-no-files-found: warn
2026-03-09T15:01:34.6093528Z   compression-level: 6
2026-03-09T15:01:34.6093911Z   overwrite: false
2026-03-09T15:01:34.6094289Z   include-hidden-files: false
2026-03-09T15:01:34.6094715Z ##[endgroup]
2026-03-09T15:01:34.8273553Z With the provided path, there will be 1 file uploaded
2026-03-09T15:01:34.8279823Z Artifact name is valid!
2026-03-09T15:01:34.8280481Z Root directory input is valid!
2026-03-09T15:01:34.9796914Z Beginning upload of artifact content to blob storage
2026-03-09T15:01:35.0239611Z Uploaded bytes 356
2026-03-09T15:01:35.0411126Z Finished uploading artifact content to blob storage!
2026-03-09T15:01:35.0414382Z SHA256 digest of uploaded artifact zip is efdbfc53228c9f41a975f50ae16510b0dfe6fc422d7dd95fb170e7d97005a574
2026-03-09T15:01:35.0416067Z Finalizing artifact upload
2026-03-09T15:01:35.1628687Z Artifact global-build-errors-sql2017-ws2019-enterprise-gen2.zip successfully finalized. Artifact ID 5831654565
2026-03-09T15:01:35.1630913Z Artifact global-build-errors-sql2017-ws2019-enterprise-gen2 has been successfully uploaded! Final size is 356 bytes. Artifact ID is 5831654565
2026-03-09T15:01:35.1637624Z Artifact download URL: https://github.com/Derek-Coleman-Associates-Corporation/azure-packer-image-factory/actions/runs/22859732196/artifacts/5831654565
2026-03-09T15:01:35.1763404Z Post job cleanup.
2026-03-09T15:01:35.2150149Z Clearing azure cli accounts from the local cache.
2026-03-09T15:01:35.2158755Z [command]/usr/bin/az account clear
2026-03-09T15:01:35.6644443Z Post job cleanup.
2026-03-09T15:01:35.7607886Z [command]/usr/bin/git version
2026-03-09T15:01:35.7652123Z git version 2.34.1
2026-03-09T15:01:35.7702627Z Temporarily overriding HOME='/home/runner/actions-runner/_work/_temp/6798858d-f3a3-4a16-87b8-adf198c45632' before making global git config changes
2026-03-09T15:01:35.7704123Z Adding repository directory to the temporary git global config as a safe directory
2026-03-09T15:01:35.7709415Z [command]/usr/bin/git config --global --add safe.directory /home/runner/actions-runner/_work/azure-packer-image-factory/azure-packer-image-factory
2026-03-09T15:01:35.7743123Z [command]/usr/bin/git config --local --name-only --get-regexp core\.sshCommand
2026-03-09T15:01:35.7781650Z [command]/usr/bin/git submodule foreach --recursive sh -c "git config --local --name-only --get-regexp 'core\.sshCommand' && git config --local --unset-all 'core.sshCommand' || :"
2026-03-09T15:01:35.8012701Z [command]/usr/bin/git config --local --name-only --get-regexp http\.https\:\/\/github\.com\/\.extraheader
2026-03-09T15:01:35.8033086Z http.https://github.com/.extraheader
2026-03-09T15:01:35.8045143Z [command]/usr/bin/git config --local --unset-all http.https://github.com/.extraheader
2026-03-09T15:01:35.8074436Z [command]/usr/bin/git submodule foreach --recursive sh -c "git config --local --name-only --get-regexp 'http\.https\:\/\/github\.com\/\.extraheader' && git config --local --unset-all 'http.https://github.com/.extraheader' || :"
2026-03-09T15:01:35.8290264Z [command]/usr/bin/git config --local --name-only --get-regexp ^includeIf\.gitdir:
2026-03-09T15:01:35.8319973Z [command]/usr/bin/git submodule foreach --recursive git config --local --show-origin --name-only --get-regexp remote.origin.url
2026-03-09T15:01:35.8642043Z Cleaning up orphan processes
