2026-03-09T20:43:27.6674767Z Current runner version: '2.332.0'
2026-03-09T20:43:27.6681511Z Runner name: 'ghrnr000001'
2026-03-09T20:43:27.6682350Z Runner group name: 'default'
2026-03-09T20:43:27.6683259Z Machine name: 'ghrnr000001'
2026-03-09T20:43:27.6685991Z ##[group]GITHUB_TOKEN Permissions
2026-03-09T20:43:27.6688652Z Contents: read
2026-03-09T20:43:27.6689272Z Metadata: read
2026-03-09T20:43:27.6689921Z ##[endgroup]
2026-03-09T20:43:27.6692030Z Secret source: Actions
2026-03-09T20:43:27.6692774Z Prepare workflow directory
2026-03-09T20:43:27.7144620Z Prepare all required actions
2026-03-09T20:43:27.7183257Z Getting action download info
2026-03-09T20:43:28.0209450Z Download action repository 'actions/checkout@v4' (SHA:34e114876b0b11c390a56381ad16ebd13914f8d5)
2026-03-09T20:43:28.2333794Z Download action repository 'azure/login@v2' (SHA:a457da9ea143d694b1b9c7c869ebb04ebe844ef5)
2026-03-09T20:43:28.3845809Z Download action repository 'hashicorp/setup-packer@v3' (SHA:1aa358be5cf73883762b302a3a03abd66e75b232)
2026-03-09T20:43:28.6576912Z Download action repository 'actions/upload-artifact@v4' (SHA:ea165f8d65b6e75b540449e92b4886f43607fa02)
2026-03-09T20:43:29.0832293Z Complete job name: Build Image profiles/oracle-linux-96
2026-03-09T20:43:29.1707829Z ##[group]Run actions/checkout@v4
2026-03-09T20:43:29.1709136Z with:
2026-03-09T20:43:29.1710350Z   repository: Derek-Coleman-Associates-Corporation/azure-packer-image-factory
2026-03-09T20:43:29.1712136Z   token: ***
2026-03-09T20:43:29.1712841Z   ssh-strict: true
2026-03-09T20:43:29.1713584Z   ssh-user: git
2026-03-09T20:43:29.1714336Z   persist-credentials: true
2026-03-09T20:43:29.1715170Z   clean: true
2026-03-09T20:43:29.1715930Z   sparse-checkout-cone-mode: true
2026-03-09T20:43:29.1717129Z   fetch-depth: 1
2026-03-09T20:43:29.1717861Z   fetch-tags: false
2026-03-09T20:43:29.1718623Z   show-progress: true
2026-03-09T20:43:29.1719419Z   lfs: false
2026-03-09T20:43:29.1720120Z   submodules: false
2026-03-09T20:43:29.1720896Z   set-safe-directory: true
2026-03-09T20:43:29.1722019Z ##[endgroup]
2026-03-09T20:43:29.2823100Z Syncing repository: Derek-Coleman-Associates-Corporation/azure-packer-image-factory
2026-03-09T20:43:29.2826730Z ##[group]Getting Git version info
2026-03-09T20:43:29.2828755Z Working directory is '/home/runner/actions-runner/_work/azure-packer-image-factory/azure-packer-image-factory'
2026-03-09T20:43:29.2831289Z [command]/usr/bin/git version
2026-03-09T20:43:29.2832220Z git version 2.34.1
2026-03-09T20:43:29.2847553Z ##[endgroup]
2026-03-09T20:43:29.2864814Z Temporarily overriding HOME='/home/runner/actions-runner/_work/_temp/f19de35f-c84c-410d-b104-2df1bd8be187' before making global git config changes
2026-03-09T20:43:29.2870224Z Adding repository directory to the temporary git global config as a safe directory
2026-03-09T20:43:29.2875176Z [command]/usr/bin/git config --global --add safe.directory /home/runner/actions-runner/_work/azure-packer-image-factory/azure-packer-image-factory
2026-03-09T20:43:29.2909351Z [command]/usr/bin/git config --local --get remote.origin.url
2026-03-09T20:43:29.2929096Z https://github.com/Derek-Coleman-Associates-Corporation/azure-packer-image-factory
2026-03-09T20:43:29.2944704Z ##[group]Removing previously created refs, to avoid conflicts
2026-03-09T20:43:29.2948612Z [command]/usr/bin/git rev-parse --symbolic-full-name --verify --quiet HEAD
2026-03-09T20:43:29.2967395Z refs/heads/master
2026-03-09T20:43:29.2976344Z [command]/usr/bin/git checkout --detach
2026-03-09T20:43:29.3056766Z HEAD is now at 976e9c5 chore(actions): revert max-parallel config down to 3 to restrict execution strictly to long-living scaled runner nodes with built-in az cli configurations
2026-03-09T20:43:29.3093634Z [command]/usr/bin/git branch --delete --force master
2026-03-09T20:43:29.3118948Z Deleted branch master (was 976e9c5).
2026-03-09T20:43:29.3153301Z ##[endgroup]
2026-03-09T20:43:29.3154743Z [command]/usr/bin/git submodule status
2026-03-09T20:43:29.3367023Z ##[group]Cleaning the repository
2026-03-09T20:43:29.3368379Z [command]/usr/bin/git clean -ffdx
2026-03-09T20:43:29.3394388Z Removing evidence/failures/
2026-03-09T20:43:29.3403761Z [command]/usr/bin/git reset --hard HEAD
2026-03-09T20:43:29.3437205Z HEAD is now at 976e9c5 chore(actions): revert max-parallel config down to 3 to restrict execution strictly to long-living scaled runner nodes with built-in az cli configurations
2026-03-09T20:43:29.3442706Z ##[endgroup]
2026-03-09T20:43:29.3444349Z ##[group]Disabling automatic garbage collection
2026-03-09T20:43:29.3445934Z [command]/usr/bin/git config --local gc.auto 0
2026-03-09T20:43:29.3478651Z ##[endgroup]
2026-03-09T20:43:29.3479868Z ##[group]Setting up auth
2026-03-09T20:43:29.3484002Z [command]/usr/bin/git config --local --name-only --get-regexp core\.sshCommand
2026-03-09T20:43:29.3511873Z [command]/usr/bin/git submodule foreach --recursive sh -c "git config --local --name-only --get-regexp 'core\.sshCommand' && git config --local --unset-all 'core.sshCommand' || :"
2026-03-09T20:43:29.3727148Z [command]/usr/bin/git config --local --name-only --get-regexp http\.https\:\/\/github\.com\/\.extraheader
2026-03-09T20:43:29.3757083Z [command]/usr/bin/git submodule foreach --recursive sh -c "git config --local --name-only --get-regexp 'http\.https\:\/\/github\.com\/\.extraheader' && git config --local --unset-all 'http.https://github.com/.extraheader' || :"
2026-03-09T20:43:29.3971492Z [command]/usr/bin/git config --local --name-only --get-regexp ^includeIf\.gitdir:
2026-03-09T20:43:29.4000563Z [command]/usr/bin/git submodule foreach --recursive git config --local --show-origin --name-only --get-regexp remote.origin.url
2026-03-09T20:43:29.4212802Z [command]/usr/bin/git config --local http.https://github.com/.extraheader AUTHORIZATION: basic ***
2026-03-09T20:43:29.4247710Z ##[endgroup]
2026-03-09T20:43:29.4249273Z ##[group]Fetching the repository
2026-03-09T20:43:29.4257816Z [command]/usr/bin/git -c protocol.version=2 fetch --no-tags --prune --no-recurse-submodules --depth=1 origin +976e9c5e0e0b5509506e98c04d2b86ef6d757c07:refs/remotes/origin/master
2026-03-09T20:43:29.6456971Z ##[endgroup]
2026-03-09T20:43:29.6460936Z ##[group]Determining the checkout info
2026-03-09T20:43:29.6463638Z ##[endgroup]
2026-03-09T20:43:29.6465485Z [command]/usr/bin/git sparse-checkout disable
2026-03-09T20:43:29.6501061Z [command]/usr/bin/git config --local --unset-all extensions.worktreeConfig
2026-03-09T20:43:29.6529521Z ##[group]Checking out the ref
2026-03-09T20:43:29.6532822Z [command]/usr/bin/git checkout --progress --force -B master refs/remotes/origin/master
2026-03-09T20:43:29.6603263Z Switched to a new branch 'master'
2026-03-09T20:43:29.6606454Z Branch 'master' set up to track remote branch 'master' from 'origin'.
2026-03-09T20:43:29.6612188Z ##[endgroup]
2026-03-09T20:43:29.6650525Z [command]/usr/bin/git log -1 --format=%H
2026-03-09T20:43:29.6674625Z 976e9c5e0e0b5509506e98c04d2b86ef6d757c07
2026-03-09T20:43:29.6955493Z ##[group]Run if ! command -v az &> /dev/null; then
2026-03-09T20:43:29.6957366Z [36;1mif ! command -v az &> /dev/null; then[0m
2026-03-09T20:43:29.6958718Z [36;1m  echo "Installing Azure CLI..."[0m
2026-03-09T20:43:29.6960196Z [36;1m  curl -sL https://aka.ms/InstallAzureCLIDeb | sudo bash[0m
2026-03-09T20:43:29.6961690Z [36;1mfi[0m
2026-03-09T20:43:29.6984702Z shell: /usr/bin/bash -e {0}
2026-03-09T20:43:29.6985940Z ##[endgroup]
2026-03-09T20:43:29.7065311Z Installing Azure CLI...
2026-03-09T20:43:29.7151978Z sudo: a terminal is required to read the password; either use the -S option to read from standard input or configure an askpass helper
2026-03-09T20:43:29.7155832Z sudo: a password is required
2026-03-09T20:43:30.0750347Z ##[error]Process completed with exit code 1.
2026-03-09T20:43:30.0987679Z ##[group]Run echo "Packer Build Failed for profiles/oracle-linux-96. Extracting error tail..."
2026-03-09T20:43:30.0990002Z [36;1mecho "Packer Build Failed for profiles/oracle-linux-96. Extracting error tail..."[0m
2026-03-09T20:43:30.0991677Z [36;1mmkdir -p evidence/failures[0m
2026-03-09T20:43:30.0992990Z [36;1mtail -n 50 packerbuild.log > "evidence/failures/failed-.txt"[0m
2026-03-09T20:43:30.1014915Z shell: /usr/bin/bash --noprofile --norc -e -o pipefail {0}
2026-03-09T20:43:30.1016280Z ##[endgroup]
2026-03-09T20:43:30.1065870Z Packer Build Failed for profiles/oracle-linux-96. Extracting error tail...
2026-03-09T20:43:30.1089211Z tail: cannot open 'packerbuild.log' for reading: No such file or directory
2026-03-09T20:43:30.1094459Z ##[error]Process completed with exit code 1.
2026-03-09T20:43:30.1151809Z ##[group]Run echo "Scanning for and deleting orphaned Packer Resource Groups..."
2026-03-09T20:43:30.1153714Z [36;1mecho "Scanning for and deleting orphaned Packer Resource Groups..."[0m
2026-03-09T20:43:30.1155641Z [36;1m# Match precisely the expected Packer temporary naming scheme per workflow ID[0m
2026-03-09T20:43:30.1158113Z [36;1mSTRANDED_RGS=$(az group list --query "[?starts_with(name, 'pkr-Resource-Group-')].name" -o tsv)[0m
2026-03-09T20:43:30.1159823Z [36;1mfor rg in $STRANDED_RGS; do[0m
2026-03-09T20:43:30.1161080Z [36;1m  echo "Attempting cleanup on stranded Resource Group: $rg"[0m
2026-03-09T20:43:30.1162841Z [36;1m  az group delete --name "$rg" --yes --no-wait || echo "Failed to delete $rg"[0m
2026-03-09T20:43:30.1164260Z [36;1mdone[0m
2026-03-09T20:43:30.1183093Z shell: /usr/bin/bash --noprofile --norc -e -o pipefail {0}
2026-03-09T20:43:30.1184291Z ##[endgroup]
2026-03-09T20:43:30.1232089Z Scanning for and deleting orphaned Packer Resource Groups...
2026-03-09T20:43:30.1236471Z /home/runner/actions-runner/_work/_temp/cda3ea2f-f37a-48dc-9ea1-5eb2e1055d8c.sh: line 3: az: command not found
2026-03-09T20:43:30.1241879Z ##[error]Process completed with exit code 127.
2026-03-09T20:43:30.1351149Z ##[group]Run actions/upload-artifact@v4
2026-03-09T20:43:30.1352208Z with:
2026-03-09T20:43:30.1352964Z   name: global-build-errors-
2026-03-09T20:43:30.1353904Z   path: evidence/failures/
2026-03-09T20:43:30.1354794Z   retention-days: 7
2026-03-09T20:43:30.1355615Z   if-no-files-found: warn
2026-03-09T20:43:30.1356644Z   compression-level: 6
2026-03-09T20:43:30.1357513Z   overwrite: false
2026-03-09T20:43:30.1358334Z   include-hidden-files: false
2026-03-09T20:43:30.1359243Z ##[endgroup]
2026-03-09T20:43:30.3525994Z With the provided path, there will be 1 file uploaded
2026-03-09T20:43:30.3532289Z Artifact name is valid!
2026-03-09T20:43:30.3533937Z Root directory input is valid!
2026-03-09T20:43:30.4175732Z ##[error]Failed to CreateArtifact: Received non-retryable error: Failed request: (409) Conflict: an artifact with this name already exists on the workflow run
2026-03-09T20:43:30.4397788Z Post job cleanup.
2026-03-09T20:43:30.5350516Z [command]/usr/bin/git version
2026-03-09T20:43:30.5386354Z git version 2.34.1
2026-03-09T20:43:30.5431514Z Temporarily overriding HOME='/home/runner/actions-runner/_work/_temp/848a41a0-6b72-42f9-8f8f-5448b8ba5989' before making global git config changes
2026-03-09T20:43:30.5434298Z Adding repository directory to the temporary git global config as a safe directory
2026-03-09T20:43:30.5437762Z [command]/usr/bin/git config --global --add safe.directory /home/runner/actions-runner/_work/azure-packer-image-factory/azure-packer-image-factory
2026-03-09T20:43:30.5470367Z [command]/usr/bin/git config --local --name-only --get-regexp core\.sshCommand
2026-03-09T20:43:30.5508636Z [command]/usr/bin/git submodule foreach --recursive sh -c "git config --local --name-only --get-regexp 'core\.sshCommand' && git config --local --unset-all 'core.sshCommand' || :"
2026-03-09T20:43:30.5728067Z [command]/usr/bin/git config --local --name-only --get-regexp http\.https\:\/\/github\.com\/\.extraheader
2026-03-09T20:43:30.5747115Z http.https://github.com/.extraheader
2026-03-09T20:43:30.5759225Z [command]/usr/bin/git config --local --unset-all http.https://github.com/.extraheader
2026-03-09T20:43:30.5789002Z [command]/usr/bin/git submodule foreach --recursive sh -c "git config --local --name-only --get-regexp 'http\.https\:\/\/github\.com\/\.extraheader' && git config --local --unset-all 'http.https://github.com/.extraheader' || :"
2026-03-09T20:43:30.6002943Z [command]/usr/bin/git config --local --name-only --get-regexp ^includeIf\.gitdir:
2026-03-09T20:43:30.6034191Z [command]/usr/bin/git submodule foreach --recursive git config --local --show-origin --name-only --get-regexp remote.origin.url
2026-03-09T20:43:30.6410708Z Cleaning up orphan processes
