2026-03-09T16:30:50.2962602Z Current runner version: '2.332.0'
2026-03-09T16:30:50.2969674Z Runner name: 'ghrnr000009'
2026-03-09T16:30:50.2970706Z Runner group name: 'default'
2026-03-09T16:30:50.2971917Z Machine name: 'ghrnr000009'
2026-03-09T16:30:50.2975102Z ##[group]GITHUB_TOKEN Permissions
2026-03-09T16:30:50.2978151Z Contents: read
2026-03-09T16:30:50.2978869Z Metadata: read
2026-03-09T16:30:50.2979459Z ##[endgroup]
2026-03-09T16:30:50.2982037Z Secret source: Actions
2026-03-09T16:30:50.2983173Z Prepare workflow directory
2026-03-09T16:30:50.3568574Z Prepare all required actions
2026-03-09T16:30:50.3617062Z Getting action download info
2026-03-09T16:30:50.7161711Z Download action repository 'actions/checkout@v4' (SHA:34e114876b0b11c390a56381ad16ebd13914f8d5)
2026-03-09T16:30:51.0201895Z Download action repository 'azure/login@v2' (SHA:a457da9ea143d694b1b9c7c869ebb04ebe844ef5)
2026-03-09T16:30:51.1936469Z Download action repository 'hashicorp/setup-packer@v3' (SHA:1aa358be5cf73883762b302a3a03abd66e75b232)
2026-03-09T16:30:51.3761146Z Download action repository 'actions/upload-artifact@v4' (SHA:ea165f8d65b6e75b540449e92b4886f43607fa02)
2026-03-09T16:30:51.7399043Z Complete job name: Build Image profiles/rhel-server-94
2026-03-09T16:30:51.8089539Z ##[group]Run actions/checkout@v4
2026-03-09T16:30:51.8090549Z with:
2026-03-09T16:30:51.8091550Z   repository: Derek-Coleman-Associates-Corporation/azure-packer-image-factory
2026-03-09T16:30:51.8093003Z   token: ***
2026-03-09T16:30:51.8093622Z   ssh-strict: true
2026-03-09T16:30:51.8094272Z   ssh-user: git
2026-03-09T16:30:51.8094936Z   persist-credentials: true
2026-03-09T16:30:51.8095666Z   clean: true
2026-03-09T16:30:51.8096317Z   sparse-checkout-cone-mode: true
2026-03-09T16:30:51.8097326Z   fetch-depth: 1
2026-03-09T16:30:51.8097985Z   fetch-tags: false
2026-03-09T16:30:51.8098646Z   show-progress: true
2026-03-09T16:30:51.8099303Z   lfs: false
2026-03-09T16:30:51.8099903Z   submodules: false
2026-03-09T16:30:51.8100561Z   set-safe-directory: true
2026-03-09T16:30:51.8101533Z ##[endgroup]
2026-03-09T16:30:51.9065002Z Syncing repository: Derek-Coleman-Associates-Corporation/azure-packer-image-factory
2026-03-09T16:30:51.9069026Z ##[group]Getting Git version info
2026-03-09T16:30:51.9071474Z Working directory is '/home/runner/actions-runner/_work/azure-packer-image-factory/azure-packer-image-factory'
2026-03-09T16:30:51.9074794Z [command]/usr/bin/git version
2026-03-09T16:30:51.9076409Z git version 2.34.1
2026-03-09T16:30:51.9080642Z ##[endgroup]
2026-03-09T16:30:51.9088346Z Temporarily overriding HOME='/home/runner/actions-runner/_work/_temp/826940ff-5c31-4a74-97ee-97843cde854e' before making global git config changes
2026-03-09T16:30:51.9101700Z Adding repository directory to the temporary git global config as a safe directory
2026-03-09T16:30:51.9108287Z [command]/usr/bin/git config --global --add safe.directory /home/runner/actions-runner/_work/azure-packer-image-factory/azure-packer-image-factory
2026-03-09T16:30:51.9120410Z [command]/usr/bin/git config --local --get remote.origin.url
2026-03-09T16:30:51.9140096Z https://github.com/Derek-Coleman-Associates-Corporation/azure-packer-image-factory
2026-03-09T16:30:51.9153225Z ##[group]Removing previously created refs, to avoid conflicts
2026-03-09T16:30:51.9156919Z [command]/usr/bin/git rev-parse --symbolic-full-name --verify --quiet HEAD
2026-03-09T16:30:51.9175153Z refs/heads/master
2026-03-09T16:30:51.9185481Z [command]/usr/bin/git checkout --detach
2026-03-09T16:30:51.9252749Z HEAD is now at a3e0b7e fix(packer): remove conflicting location param and revert cleanup step to prevent destroying parallel jobs
2026-03-09T16:30:51.9292039Z [command]/usr/bin/git branch --delete --force master
2026-03-09T16:30:51.9313930Z Deleted branch master (was a3e0b7e).
2026-03-09T16:30:51.9352183Z ##[endgroup]
2026-03-09T16:30:51.9353208Z [command]/usr/bin/git submodule status
2026-03-09T16:30:51.9543133Z ##[group]Cleaning the repository
2026-03-09T16:30:51.9545131Z [command]/usr/bin/git clean -ffdx
2026-03-09T16:30:51.9578244Z Removing evidence/failures/
2026-03-09T16:30:51.9582439Z [command]/usr/bin/git reset --hard HEAD
2026-03-09T16:30:51.9609507Z HEAD is now at a3e0b7e fix(packer): remove conflicting location param and revert cleanup step to prevent destroying parallel jobs
2026-03-09T16:30:51.9616285Z ##[endgroup]
2026-03-09T16:30:51.9619897Z ##[group]Disabling automatic garbage collection
2026-03-09T16:30:51.9622027Z [command]/usr/bin/git config --local gc.auto 0
2026-03-09T16:30:51.9656189Z ##[endgroup]
2026-03-09T16:30:51.9659724Z ##[group]Setting up auth
2026-03-09T16:30:51.9662877Z [command]/usr/bin/git config --local --name-only --get-regexp core\.sshCommand
2026-03-09T16:30:51.9686985Z [command]/usr/bin/git submodule foreach --recursive sh -c "git config --local --name-only --get-regexp 'core\.sshCommand' && git config --local --unset-all 'core.sshCommand' || :"
2026-03-09T16:30:51.9877960Z [command]/usr/bin/git config --local --name-only --get-regexp http\.https\:\/\/github\.com\/\.extraheader
2026-03-09T16:30:51.9907265Z [command]/usr/bin/git submodule foreach --recursive sh -c "git config --local --name-only --get-regexp 'http\.https\:\/\/github\.com\/\.extraheader' && git config --local --unset-all 'http.https://github.com/.extraheader' || :"
2026-03-09T16:30:52.0098248Z [command]/usr/bin/git config --local --name-only --get-regexp ^includeIf\.gitdir:
2026-03-09T16:30:52.0126419Z [command]/usr/bin/git submodule foreach --recursive git config --local --show-origin --name-only --get-regexp remote.origin.url
2026-03-09T16:30:52.0319440Z [command]/usr/bin/git config --local http.https://github.com/.extraheader AUTHORIZATION: basic ***
2026-03-09T16:30:52.0348119Z ##[endgroup]
2026-03-09T16:30:52.0351340Z ##[group]Fetching the repository
2026-03-09T16:30:52.0357638Z [command]/usr/bin/git -c protocol.version=2 fetch --no-tags --prune --no-recurse-submodules --depth=1 origin +17c569aebd7b88c22e08215aa01df2d307816312:refs/remotes/origin/master
2026-03-09T16:30:52.2124058Z From https://github.com/Derek-Coleman-Associates-Corporation/azure-packer-image-factory
2026-03-09T16:30:52.2127221Z  + a3e0b7e...17c569a 17c569aebd7b88c22e08215aa01df2d307816312 -> origin/master  (forced update)
2026-03-09T16:30:52.2144224Z ##[endgroup]
2026-03-09T16:30:52.2145865Z ##[group]Determining the checkout info
2026-03-09T16:30:52.2149355Z ##[endgroup]
2026-03-09T16:30:52.2151162Z [command]/usr/bin/git sparse-checkout disable
2026-03-09T16:30:52.2222943Z [command]/usr/bin/git config --local --unset-all extensions.worktreeConfig
2026-03-09T16:30:52.2251630Z ##[group]Checking out the ref
2026-03-09T16:30:52.2253463Z [command]/usr/bin/git checkout --progress --force -B master refs/remotes/origin/master
2026-03-09T16:30:52.2276059Z Warning: you are leaving 1 commit behind, not connected to
2026-03-09T16:30:52.2278477Z any of your branches:
2026-03-09T16:30:52.2279705Z 
2026-03-09T16:30:52.2282575Z   a3e0b7e fix(packer): remove conflicting location param and revert cleanup step to prevent destroying parallel jobs
2026-03-09T16:30:52.2285248Z 
2026-03-09T16:30:52.2288591Z If you want to keep it by creating a new branch, this may be a good time
2026-03-09T16:30:52.2290559Z to do so with:
2026-03-09T16:30:52.2292398Z 
2026-03-09T16:30:52.2293008Z  git branch <new-branch-name> a3e0b7e
2026-03-09T16:30:52.2293936Z 
2026-03-09T16:30:52.2319011Z Switched to a new branch 'master'
2026-03-09T16:30:52.2328031Z Branch 'master' set up to track remote branch 'master' from 'origin'.
2026-03-09T16:30:52.2344753Z ##[endgroup]
2026-03-09T16:30:52.2392031Z [command]/usr/bin/git log -1 --format=%H
2026-03-09T16:30:52.2423294Z 17c569aebd7b88c22e08215aa01df2d307816312
2026-03-09T16:30:52.2620320Z ##[group]Run if ! command -v az &> /dev/null; then
2026-03-09T16:30:52.2621970Z [36;1mif ! command -v az &> /dev/null; then[0m
2026-03-09T16:30:52.2623445Z [36;1m  echo "Installing Azure CLI..."[0m
2026-03-09T16:30:52.2625233Z [36;1m  curl -sL https://aka.ms/InstallAzureCLIDeb | sudo bash[0m
2026-03-09T16:30:52.2627051Z [36;1mfi[0m
2026-03-09T16:30:52.2653082Z shell: /usr/bin/bash -e {0}
2026-03-09T16:30:52.2654542Z ##[endgroup]
2026-03-09T16:30:52.2728566Z Installing Azure CLI...
2026-03-09T16:30:52.6009120Z sudo: a terminal is required to read the password; either use the -S option to read from standard input or configure an askpass helper
2026-03-09T16:30:52.6014788Z sudo: a password is required
2026-03-09T16:30:52.6133476Z ##[error]Process completed with exit code 1.
2026-03-09T16:30:52.6339230Z ##[group]Run echo "Packer Build Failed for profiles/rhel-server-94. Extracting error tail..."
2026-03-09T16:30:52.6341995Z [36;1mecho "Packer Build Failed for profiles/rhel-server-94. Extracting error tail..."[0m
2026-03-09T16:30:52.6343961Z [36;1mmkdir -p evidence/failures[0m
2026-03-09T16:30:52.6345523Z [36;1mtail -n 50 packerbuild.log > "evidence/failures/failed-.txt"[0m
2026-03-09T16:30:52.6369851Z shell: /usr/bin/bash --noprofile --norc -e -o pipefail {0}
2026-03-09T16:30:52.6371301Z ##[endgroup]
2026-03-09T16:30:52.6425369Z Packer Build Failed for profiles/rhel-server-94. Extracting error tail...
2026-03-09T16:30:52.6446885Z tail: cannot open 'packerbuild.log' for reading: No such file or directory
2026-03-09T16:30:52.6452759Z ##[error]Process completed with exit code 1.
2026-03-09T16:30:52.6497575Z ##[group]Run echo "Scanning for and deleting orphaned Packer Resource Groups..."
2026-03-09T16:30:52.6498992Z [36;1mecho "Scanning for and deleting orphaned Packer Resource Groups..."[0m
2026-03-09T16:30:52.6500426Z [36;1m# Match precisely the expected Packer temporary naming scheme per workflow ID[0m
2026-03-09T16:30:52.6502039Z [36;1mSTRANDED_RGS=$(az group list --query "[?starts_with(name, 'pkr-Resource-Group-')].name" -o tsv)[0m
2026-03-09T16:30:52.6503312Z [36;1mfor rg in $STRANDED_RGS; do[0m
2026-03-09T16:30:52.6504284Z [36;1m  echo "Attempting cleanup on stranded Resource Group: $rg"[0m
2026-03-09T16:30:52.6505560Z [36;1m  az group delete --name "$rg" --yes --no-wait || echo "Failed to delete $rg"[0m
2026-03-09T16:30:52.6506710Z [36;1mdone[0m
2026-03-09T16:30:52.6521595Z shell: /usr/bin/bash --noprofile --norc -e -o pipefail {0}
2026-03-09T16:30:52.6522507Z ##[endgroup]
2026-03-09T16:30:52.6575068Z Scanning for and deleting orphaned Packer Resource Groups...
2026-03-09T16:30:52.6592155Z /home/runner/actions-runner/_work/_temp/c0d58693-d2fb-4d37-8c8d-5254d3beb6ab.sh: line 3: az: command not found
2026-03-09T16:30:52.6597205Z ##[error]Process completed with exit code 127.
2026-03-09T16:30:52.6704787Z ##[group]Run actions/upload-artifact@v4
2026-03-09T16:30:52.6705584Z with:
2026-03-09T16:30:52.6706170Z   name: global-build-errors-
2026-03-09T16:30:52.6707185Z   path: evidence/failures/
2026-03-09T16:30:52.6707879Z   retention-days: 7
2026-03-09T16:30:52.6708514Z   if-no-files-found: warn
2026-03-09T16:30:52.6709202Z   compression-level: 6
2026-03-09T16:30:52.6709855Z   overwrite: false
2026-03-09T16:30:52.6710503Z   include-hidden-files: false
2026-03-09T16:30:52.6711194Z ##[endgroup]
2026-03-09T16:30:52.8566477Z With the provided path, there will be 1 file uploaded
2026-03-09T16:30:52.8569416Z Artifact name is valid!
2026-03-09T16:30:52.8572134Z Root directory input is valid!
2026-03-09T16:30:52.9459320Z Beginning upload of artifact content to blob storage
2026-03-09T16:30:53.0086426Z Uploaded bytes 138
2026-03-09T16:30:53.0264446Z Finished uploading artifact content to blob storage!
2026-03-09T16:30:53.0268572Z SHA256 digest of uploaded artifact zip is 84e1aae062f634bcdf73e116b1aec53f1010136e90048d1bea1412ed299672d4
2026-03-09T16:30:53.0271812Z Finalizing artifact upload
2026-03-09T16:30:53.1138084Z Artifact global-build-errors-.zip successfully finalized. Artifact ID 5833444840
2026-03-09T16:30:53.1140652Z Artifact global-build-errors- has been successfully uploaded! Final size is 138 bytes. Artifact ID is 5833444840
2026-03-09T16:30:53.1144303Z Artifact download URL: https://github.com/Derek-Coleman-Associates-Corporation/azure-packer-image-factory/actions/runs/22863631812/artifacts/5833444840
2026-03-09T16:30:53.1323189Z Post job cleanup.
2026-03-09T16:30:53.2113473Z [command]/usr/bin/git version
2026-03-09T16:30:53.2128422Z git version 2.34.1
2026-03-09T16:30:53.2166540Z Temporarily overriding HOME='/home/runner/actions-runner/_work/_temp/0ab0acd2-af18-4643-b88a-1237148de9eb' before making global git config changes
2026-03-09T16:30:53.2171373Z Adding repository directory to the temporary git global config as a safe directory
2026-03-09T16:30:53.2174516Z [command]/usr/bin/git config --global --add safe.directory /home/runner/actions-runner/_work/azure-packer-image-factory/azure-packer-image-factory
2026-03-09T16:30:53.2204205Z [command]/usr/bin/git config --local --name-only --get-regexp core\.sshCommand
2026-03-09T16:30:53.2243691Z [command]/usr/bin/git submodule foreach --recursive sh -c "git config --local --name-only --get-regexp 'core\.sshCommand' && git config --local --unset-all 'core.sshCommand' || :"
2026-03-09T16:30:53.2445562Z [command]/usr/bin/git config --local --name-only --get-regexp http\.https\:\/\/github\.com\/\.extraheader
2026-03-09T16:30:53.2464377Z http.https://github.com/.extraheader
2026-03-09T16:30:53.2476323Z [command]/usr/bin/git config --local --unset-all http.https://github.com/.extraheader
2026-03-09T16:30:53.2504978Z [command]/usr/bin/git submodule foreach --recursive sh -c "git config --local --name-only --get-regexp 'http\.https\:\/\/github\.com\/\.extraheader' && git config --local --unset-all 'http.https://github.com/.extraheader' || :"
2026-03-09T16:30:53.2697955Z [command]/usr/bin/git config --local --name-only --get-regexp ^includeIf\.gitdir:
2026-03-09T16:30:53.2724920Z [command]/usr/bin/git submodule foreach --recursive git config --local --show-origin --name-only --get-regexp remote.origin.url
2026-03-09T16:30:53.3015521Z Cleaning up orphan processes
