2026-03-09T15:07:04.8376046Z Current runner version: '2.332.0'
2026-03-09T15:07:04.8383571Z Runner name: 'ghrnr000002'
2026-03-09T15:07:04.8384592Z Runner group name: 'default'
2026-03-09T15:07:04.8385571Z Machine name: 'ghrnr000002'
2026-03-09T15:07:04.8389168Z ##[group]GITHUB_TOKEN Permissions
2026-03-09T15:07:04.8392056Z Contents: read
2026-03-09T15:07:04.8392712Z Metadata: read
2026-03-09T15:07:04.8393456Z ##[endgroup]
2026-03-09T15:07:04.8395779Z Secret source: Actions
2026-03-09T15:07:04.8396709Z Prepare workflow directory
2026-03-09T15:07:04.8992040Z Prepare all required actions
2026-03-09T15:07:04.9043746Z Getting action download info
2026-03-09T15:07:05.2511631Z Download action repository 'actions/checkout@v4' (SHA:34e114876b0b11c390a56381ad16ebd13914f8d5)
2026-03-09T15:07:06.8772506Z Download action repository 'azure/login@v2' (SHA:a457da9ea143d694b1b9c7c869ebb04ebe844ef5)
2026-03-09T15:07:07.1277371Z Download action repository 'hashicorp/setup-packer@v3' (SHA:1aa358be5cf73883762b302a3a03abd66e75b232)
2026-03-09T15:07:07.3610378Z Download action repository 'actions/upload-artifact@v4' (SHA:ea165f8d65b6e75b540449e92b4886f43607fa02)
2026-03-09T15:07:07.9304061Z Complete job name: Build Image profiles/sql2017-ws2019-standard-gen2
2026-03-09T15:07:08.0507829Z ##[group]Run actions/checkout@v4
2026-03-09T15:07:08.0508804Z with:
2026-03-09T15:07:08.0509224Z   repository: Derek-Coleman-Associates-Corporation/azure-packer-image-factory
2026-03-09T15:07:08.0509932Z   token: ***
2026-03-09T15:07:08.0510171Z   ssh-strict: true
2026-03-09T15:07:08.0510411Z   ssh-user: git
2026-03-09T15:07:08.0510654Z   persist-credentials: true
2026-03-09T15:07:08.0510969Z   clean: true
2026-03-09T15:07:08.0511224Z   sparse-checkout-cone-mode: true
2026-03-09T15:07:08.0511550Z   fetch-depth: 1
2026-03-09T15:07:08.0511796Z   fetch-tags: false
2026-03-09T15:07:08.0512064Z   show-progress: true
2026-03-09T15:07:08.0512319Z   lfs: false
2026-03-09T15:07:08.0512555Z   submodules: false
2026-03-09T15:07:08.0512810Z   set-safe-directory: true
2026-03-09T15:07:08.0513473Z ##[endgroup]
2026-03-09T15:07:08.2410875Z Syncing repository: Derek-Coleman-Associates-Corporation/azure-packer-image-factory
2026-03-09T15:07:08.2412661Z ##[group]Getting Git version info
2026-03-09T15:07:08.2413446Z Working directory is '/home/runner/actions-runner/_work/azure-packer-image-factory/azure-packer-image-factory'
2026-03-09T15:07:08.2414339Z [command]/usr/bin/git version
2026-03-09T15:07:08.2416059Z git version 2.34.1
2026-03-09T15:07:08.2459509Z ##[endgroup]
2026-03-09T15:07:08.2485786Z Temporarily overriding HOME='/home/runner/actions-runner/_work/_temp/20febd82-af52-4f17-819b-84e16dd9b3ba' before making global git config changes
2026-03-09T15:07:08.2491111Z Adding repository directory to the temporary git global config as a safe directory
2026-03-09T15:07:08.2502348Z [command]/usr/bin/git config --global --add safe.directory /home/runner/actions-runner/_work/azure-packer-image-factory/azure-packer-image-factory
2026-03-09T15:07:08.2562825Z [command]/usr/bin/git config --local --get remote.origin.url
2026-03-09T15:07:08.2629853Z https://github.com/Derek-Coleman-Associates-Corporation/azure-packer-image-factory
2026-03-09T15:07:08.2644109Z ##[group]Removing previously created refs, to avoid conflicts
2026-03-09T15:07:08.2644762Z [command]/usr/bin/git rev-parse --symbolic-full-name --verify --quiet HEAD
2026-03-09T15:07:08.2684523Z refs/heads/master
2026-03-09T15:07:08.2701566Z [command]/usr/bin/git checkout --detach
2026-03-09T15:07:08.2914790Z HEAD is now at a5124ed fix(packer): specify location attribute in packer templates since it is required when not providing an explicit build_resource_group_name
2026-03-09T15:07:08.2972413Z [command]/usr/bin/git branch --delete --force master
2026-03-09T15:07:08.3005496Z Deleted branch master (was a5124ed).
2026-03-09T15:07:08.3054445Z ##[endgroup]
2026-03-09T15:07:08.3061117Z [command]/usr/bin/git submodule status
2026-03-09T15:07:08.3292579Z ##[group]Cleaning the repository
2026-03-09T15:07:08.3295864Z [command]/usr/bin/git clean -ffdx
2026-03-09T15:07:08.3321772Z Removing evidence/failures/
2026-03-09T15:07:08.3322446Z Removing packerbuild.log
2026-03-09T15:07:08.3331909Z [command]/usr/bin/git reset --hard HEAD
2026-03-09T15:07:08.3365315Z HEAD is now at a5124ed fix(packer): specify location attribute in packer templates since it is required when not providing an explicit build_resource_group_name
2026-03-09T15:07:08.3372657Z ##[endgroup]
2026-03-09T15:07:08.3373152Z ##[group]Disabling automatic garbage collection
2026-03-09T15:07:08.3376585Z [command]/usr/bin/git config --local gc.auto 0
2026-03-09T15:07:08.3406344Z ##[endgroup]
2026-03-09T15:07:08.3406995Z ##[group]Setting up auth
2026-03-09T15:07:08.3413131Z [command]/usr/bin/git config --local --name-only --get-regexp core\.sshCommand
2026-03-09T15:07:08.3437793Z [command]/usr/bin/git submodule foreach --recursive sh -c "git config --local --name-only --get-regexp 'core\.sshCommand' && git config --local --unset-all 'core.sshCommand' || :"
2026-03-09T15:07:08.3632681Z [command]/usr/bin/git config --local --name-only --get-regexp http\.https\:\/\/github\.com\/\.extraheader
2026-03-09T15:07:08.3657862Z [command]/usr/bin/git submodule foreach --recursive sh -c "git config --local --name-only --get-regexp 'http\.https\:\/\/github\.com\/\.extraheader' && git config --local --unset-all 'http.https://github.com/.extraheader' || :"
2026-03-09T15:07:08.3930574Z [command]/usr/bin/git config --local --name-only --get-regexp ^includeIf\.gitdir:
2026-03-09T15:07:08.3973240Z [command]/usr/bin/git submodule foreach --recursive git config --local --show-origin --name-only --get-regexp remote.origin.url
2026-03-09T15:07:08.4283388Z [command]/usr/bin/git config --local http.https://github.com/.extraheader AUTHORIZATION: basic ***
2026-03-09T15:07:08.4340604Z ##[endgroup]
2026-03-09T15:07:08.4342603Z ##[group]Fetching the repository
2026-03-09T15:07:08.4343901Z [command]/usr/bin/git -c protocol.version=2 fetch --no-tags --prune --no-recurse-submodules --depth=1 origin +a5124edbedacc148b17dbe46fcd2e811ba03275d:refs/remotes/origin/master
2026-03-09T15:07:08.6772145Z ##[endgroup]
2026-03-09T15:07:08.6772685Z ##[group]Determining the checkout info
2026-03-09T15:07:08.6773302Z ##[endgroup]
2026-03-09T15:07:08.6773993Z [command]/usr/bin/git sparse-checkout disable
2026-03-09T15:07:08.6850101Z [command]/usr/bin/git config --local --unset-all extensions.worktreeConfig
2026-03-09T15:07:08.6929949Z ##[group]Checking out the ref
2026-03-09T15:07:08.6931130Z [command]/usr/bin/git checkout --progress --force -B master refs/remotes/origin/master
2026-03-09T15:07:08.7036036Z Switched to a new branch 'master'
2026-03-09T15:07:08.7041107Z Branch 'master' set up to track remote branch 'master' from 'origin'.
2026-03-09T15:07:08.7080810Z ##[endgroup]
2026-03-09T15:07:08.7148269Z [command]/usr/bin/git log -1 --format=%H
2026-03-09T15:07:08.7213785Z a5124edbedacc148b17dbe46fcd2e811ba03275d
2026-03-09T15:07:08.7564350Z ##[group]Run azure/login@v2
2026-03-09T15:07:08.7564885Z with:
2026-03-09T15:07:08.7565444Z   client-id: ***
2026-03-09T15:07:08.7565901Z   tenant-id: ***
2026-03-09T15:07:08.7566467Z   subscription-id: ***
2026-03-09T15:07:08.7566869Z   enable-AzPSSession: false
2026-03-09T15:07:08.7567225Z   environment: azurecloud
2026-03-09T15:07:08.7567780Z   allow-no-subscriptions: false
2026-03-09T15:07:08.7584068Z   audience: api://AzureADTokenExchange
2026-03-09T15:07:08.7584667Z   auth-type: SERVICE_PRINCIPAL
2026-03-09T15:07:08.7585143Z ##[endgroup]
2026-03-09T15:07:09.0563237Z Running Azure CLI Login.
2026-03-09T15:07:09.3629175Z [command]/usr/bin/az cloud set -n azurecloud
2026-03-09T15:07:10.0739816Z Done setting cloud: "azurecloud"
2026-03-09T15:07:10.4747432Z Federated token details:
2026-03-09T15:07:10.4750167Z  issuer - https://token.actions.githubusercontent.com
2026-03-09T15:07:10.4751358Z  subject claim - repo:Derek-Coleman-Associates-Corporation/azure-packer-image-factory:ref:refs/heads/master
2026-03-09T15:07:10.4752214Z  audience - api://AzureADTokenExchange
2026-03-09T15:07:10.4753312Z  job_workflow_ref - Derek-Coleman-Associates-Corporation/azure-packer-image-factory/.github/workflows/packer-matrix-build.yml@refs/heads/master
2026-03-09T15:07:10.4754623Z Attempting Azure CLI login by using OIDC...
2026-03-09T15:07:12.2350381Z Subscription is set successfully.
2026-03-09T15:07:12.2360491Z Azure CLI login succeeds by using OIDC.
2026-03-09T15:07:12.2715517Z ##[group]Run hashicorp/setup-packer@v3
2026-03-09T15:07:12.2715908Z with:
2026-03-09T15:07:12.2716154Z   version: latest
2026-03-09T15:07:12.2716417Z ##[endgroup]
2026-03-09T15:07:12.4793519Z Installing packer:latest and adding it to GitHub Actions Path
2026-03-09T15:07:12.5408407Z Downloading packer_1.15.0_linux_amd64.zip.
2026-03-09T15:07:12.7899725Z [command]/usr/bin/unzip -o -q /home/runner/actions-runner/_work/_temp/packer_1.15.0_linux_amd64.zip
2026-03-09T15:07:13.2473065Z packer:latest added to path
2026-03-09T15:07:13.4733739Z ##[group]Run set -e
2026-03-09T15:07:13.4734144Z [36;1mset -e[0m
2026-03-09T15:07:13.4734592Z [36;1mPROFILE_FILE="profiles/sql2017-ws2019-standard-gen2/profile.yml"[0m
2026-03-09T15:07:13.4735150Z [36;1mif [[ ! -f "$PROFILE_FILE" ]]; then[0m
2026-03-09T15:07:13.4735571Z [36;1m  echo "Profile file missing at $PROFILE_FILE"[0m
2026-03-09T15:07:13.4735953Z [36;1m  exit 1[0m
2026-03-09T15:07:13.4736214Z [36;1mfi[0m
2026-03-09T15:07:13.4736442Z [36;1m[0m
2026-03-09T15:07:13.4736823Z [36;1mprofile_id="$(awk -F': ' '/^profile_id:/{print $2; exit}' "$PROFILE_FILE")"[0m
2026-03-09T15:07:13.4737441Z [36;1mos_family="$(awk -F': ' '/^os_family:/{print $2; exit}' "$PROFILE_FILE")"[0m
2026-03-09T15:07:13.4738284Z [36;1msource_urn="$(awk -F': ' '/^source_image_urn:/{print $2; exit}' "$PROFILE_FILE")"[0m
2026-03-09T15:07:13.4738964Z [36;1mimage_def="$(awk -F': ' '$1 ~ /image_definition/{print $2; exit}' "$PROFILE_FILE")"[0m
2026-03-09T15:07:13.4739616Z [36;1msig_sku="$(awk -F': ' '$1 ~ /sku/{print $2; exit}' "$PROFILE_FILE")"[0m
2026-03-09T15:07:13.4740233Z [36;1mvm_size="$(awk -F': ' '$1 ~ /vm_size/{print $2; exit}' "$PROFILE_FILE")"[0m
2026-03-09T15:07:13.4740729Z [36;1m[0m
2026-03-09T15:07:13.4741133Z [36;1mIFS=':' read -r source_pub source_offer source_sku source_ver <<< "$source_urn"[0m
2026-03-09T15:07:13.4741641Z [36;1m[0m
2026-03-09T15:07:13.4741941Z [36;1mecho "os_family=$os_family" >> "$GITHUB_OUTPUT"[0m
2026-03-09T15:07:13.4742410Z [36;1mecho "profile_id=$profile_id" >> "$GITHUB_OUTPUT"[0m
2026-03-09T15:07:13.4742887Z [36;1mecho "source_pub=$source_pub" >> "$GITHUB_OUTPUT"[0m
2026-03-09T15:07:13.4743370Z [36;1mecho "source_offer=$source_offer" >> "$GITHUB_OUTPUT"[0m
2026-03-09T15:07:13.4743856Z [36;1mecho "source_sku=$source_sku" >> "$GITHUB_OUTPUT"[0m
2026-03-09T15:07:13.4744319Z [36;1mecho "source_ver=$source_ver" >> "$GITHUB_OUTPUT"[0m
2026-03-09T15:07:13.4744805Z [36;1mecho "image_definition=$image_def" >> "$GITHUB_OUTPUT"[0m
2026-03-09T15:07:13.4745277Z [36;1mecho "vm_size=$vm_size" >> "$GITHUB_OUTPUT"[0m
2026-03-09T15:07:13.4745827Z [36;1mecho "temp_rg=rg-packer-temp-${profile_id}-22859960512" >> "$GITHUB_OUTPUT"[0m
2026-03-09T15:07:13.4771431Z shell: /usr/bin/bash --noprofile --norc -e -o pipefail {0}
2026-03-09T15:07:13.4771903Z ##[endgroup]
2026-03-09T15:07:13.5053571Z ##[group]Run set -e
2026-03-09T15:07:13.5053887Z [36;1mset -e[0m
2026-03-09T15:07:13.5054229Z [36;1mDEF_NAME="imgdef-sql2017-ws2019-standard-gen2"[0m
2026-03-09T15:07:13.5054696Z [36;1mRG_NAME="RG-PACKER-IMAGE-FACTORY-EASTUS"[0m
2026-03-09T15:07:13.5055129Z [36;1mGALLERY_NAME="acgpackerfactoryeastus"[0m
2026-03-09T15:07:13.5055638Z [36;1mOS_TYPE="Windows"[0m
2026-03-09T15:07:13.5056025Z [36;1mif [ "windows" == "linux" ]; then OS_TYPE="Linux"; fi[0m
2026-03-09T15:07:13.5056425Z [36;1m[0m
2026-03-09T15:07:13.5056721Z [36;1mecho "Verifying image definition: $DEF_NAME"[0m
2026-03-09T15:07:13.5057228Z [36;1m# Try to get the image definition, create if it doesn't exist[0m
2026-03-09T15:07:13.5057937Z [36;1mif ! az sig image-definition show -g "$RG_NAME" -r "$GALLERY_NAME" -i "$DEF_NAME" &>/dev/null; then[0m
2026-03-09T15:07:13.5059128Z [36;1m  echo "Creating missing Image Definition $DEF_NAME in $GALLERY_NAME ($RG_NAME)..."[0m
2026-03-09T15:07:13.5059762Z [36;1m  az sig image-definition create \[0m
2026-03-09T15:07:13.5060123Z [36;1m    -g "$RG_NAME" \[0m
2026-03-09T15:07:13.5060420Z [36;1m    -r "$GALLERY_NAME" \[0m
2026-03-09T15:07:13.5060746Z [36;1m    -i "$DEF_NAME" \[0m
2026-03-09T15:07:13.5061077Z [36;1m    -p "dcassociatesgroup-com" \[0m
2026-03-09T15:07:13.5061427Z [36;1m    -f "sql2017-ws2019" \[0m
2026-03-09T15:07:13.5061752Z [36;1m    -s "standard-gen2" \[0m
2026-03-09T15:07:13.5062089Z [36;1m    --os-type "$OS_TYPE" \[0m
2026-03-09T15:07:13.5062435Z [36;1m    --os-state Generalized \[0m
2026-03-09T15:07:13.5062797Z [36;1m    --hyper-v-generation "V1" \[0m
2026-03-09T15:07:13.5063158Z [36;1m    --only-show-errors[0m
2026-03-09T15:07:13.5063491Z [36;1melse[0m
2026-03-09T15:07:13.5063857Z [36;1m  echo "Image definition $DEF_NAME already exists."[0m
2026-03-09T15:07:13.5064283Z [36;1mfi[0m
2026-03-09T15:07:13.5082222Z shell: /usr/bin/bash --noprofile --norc -e -o pipefail {0}
2026-03-09T15:07:13.5082644Z ##[endgroup]
2026-03-09T15:07:13.5139966Z Verifying image definition: imgdef-sql2017-ws2019-standard-gen2
2026-03-09T15:07:14.4749160Z Image definition imgdef-sql2017-ws2019-standard-gen2 already exists.
2026-03-09T15:07:14.4846814Z ##[group]Run set -e
2026-03-09T15:07:14.4847176Z [36;1mset -e[0m
2026-03-09T15:07:14.4847408Z [36;1m[0m
2026-03-09T15:07:14.4847644Z [36;1mOS_FAMILY="windows"[0m
2026-03-09T15:07:14.4847913Z [36;1m[0m
2026-03-09T15:07:14.4848405Z [36;1mif [ "$OS_FAMILY" == "windows" ]; then[0m
2026-03-09T15:07:14.4848784Z [36;1m  TEMPLATE_FILE="packer/windows/windows.pkr.hcl"[0m
2026-03-09T15:07:14.4849173Z [36;1m  EXTRA_VARS=( "-var" "vm_admin_password=" )[0m
2026-03-09T15:07:14.4849525Z [36;1melif [ "$OS_FAMILY" == "linux" ]; then[0m
2026-03-09T15:07:14.4849883Z [36;1m  TEMPLATE_FILE="packer/ubuntu/ubuntu.pkr.hcl"[0m
2026-03-09T15:07:14.4850206Z [36;1m  EXTRA_VARS=()[0m
2026-03-09T15:07:14.4850463Z [36;1melse[0m
2026-03-09T15:07:14.4850702Z [36;1m  echo "Unsupported OS family: $OS_FAMILY"[0m
2026-03-09T15:07:14.4851011Z [36;1m  exit 1[0m
2026-03-09T15:07:14.4851209Z [36;1mfi[0m
2026-03-09T15:07:14.4851400Z [36;1m[0m
2026-03-09T15:07:14.4851641Z [36;1mpacker init "$TEMPLATE_FILE"[0m
2026-03-09T15:07:14.4851908Z [36;1m[0m
2026-03-09T15:07:14.4852099Z [36;1mpacker build \[0m
2026-03-09T15:07:14.4852326Z [36;1m  -force \[0m
2026-03-09T15:07:14.4852622Z [36;1m  -var "profile_id=sql2017-ws2019-standard-gen2" \[0m
2026-03-09T15:07:14.4852983Z [36;1m  -var "location=eastus" \[0m
2026-03-09T15:07:14.4853410Z [36;1m  -var "build_resource_group_name=RG-PACKER-IMAGE-FACTORY-EASTUS" \[0m
2026-03-09T15:07:14.4853857Z [36;1m  -var "vm_size=Standard_D4as_v5" \[0m
2026-03-09T15:07:14.4854304Z [36;1m  -var "managed_image_name=sql2017-ws2019-standard-gen2-22859960512" \[0m
2026-03-09T15:07:14.4854825Z [36;1m  -var "source_image_publisher=MicrosoftSQLServer" \[0m
2026-03-09T15:07:14.4855311Z [36;1m  -var "source_image_offer=sql2017-ws2019" \[0m
2026-03-09T15:07:14.4855764Z [36;1m  -var "source_image_sku=standard-gen2" \[0m
2026-03-09T15:07:14.4856171Z [36;1m  -var "source_image_version=latest" \[0m
2026-03-09T15:07:14.4856624Z [36;1m  -var "gallery_resource_group=RG-PACKER-IMAGE-FACTORY-EASTUS" \[0m
2026-03-09T15:07:14.4857103Z [36;1m  -var "gallery_name=acgpackerfactoryeastus" \[0m
2026-03-09T15:07:14.4857580Z [36;1m  -var "image_definition=imgdef-sql2017-ws2019-standard-gen2" \[0m
2026-03-09T15:07:14.4858150Z [36;1m  -var "image_version=1.0.16" \[0m
2026-03-09T15:07:14.4858488Z [36;1m  -var "replication_regions=[\"eastus\"]" \[0m
2026-03-09T15:07:14.4858869Z [36;1m  "${EXTRA_VARS[@]}" \[0m
2026-03-09T15:07:14.4859180Z [36;1m  "$TEMPLATE_FILE" 2>&1 | tee packerbuild.log[0m
2026-03-09T15:07:14.4877749Z shell: /usr/bin/bash --noprofile --norc -e -o pipefail {0}
2026-03-09T15:07:14.4878334Z env:
2026-03-09T15:07:14.4878702Z   ARM_CLIENT_ID: ***
2026-03-09T15:07:14.4879383Z   ARM_CLIENT_SECRET: ***
2026-03-09T15:07:14.4879733Z   ARM_TENANT_ID: ***
2026-03-09T15:07:14.4880094Z   ARM_SUBSCRIPTION_ID: ***
2026-03-09T15:07:14.4880377Z ##[endgroup]
2026-03-09T15:07:15.5995157Z [1;32mazure-arm.image: output will be in this color.[0m
2026-03-09T15:07:15.5995853Z 
2026-03-09T15:07:15.6022446Z [1;32m==> azure-arm.image: Running builder ...[0m
2026-03-09T15:07:15.6023229Z [1;32m==> azure-arm.image: Creating Azure Resource Manager (ARM) client ...[0m
2026-03-09T15:07:16.9975816Z [1;32m==> azure-arm.image: ARM Client successfully created[0m
2026-03-09T15:07:17.9479695Z [1;32m==> azure-arm.image: Getting source image id for the deployment ...[0m
2026-03-09T15:07:17.9490636Z [1;32m==> azure-arm.image:  -> SourceImageName: '/subscriptions/***/providers/Microsoft.Compute/locations/eastus/publishers/MicrosoftSQLServer/ArtifactTypes/vmimage/offers/sql2017-ws2019/skus/standard-gen2/versions/latest'[0m
2026-03-09T15:07:18.2770878Z [1;32m==> azure-arm.image: ERROR: -> AuthorizationFailed : The client '***' with object id 'adead383-3af6-4693-b647-c7338e64df4a' does not have authorization to perform action 'Microsoft.Resources/subscriptions/resourceGroups/read' over scope '/subscriptions/***/resourceGroups/pkr-Resource-Group-0b760t3cvk' or the scope is invalid. If access was recently granted, please refresh your credentials.
2026-03-09T15:07:18.2772861Z ==> azure-arm.image:[0m
2026-03-09T15:07:18.2773710Z [1;31m==> azure-arm.image: A resource group with that name already exists. Please use build_resource_group_name to use an existing resource group.[0m
2026-03-09T15:07:18.2796886Z [1;31mBuild 'azure-arm.image' errored after 2 seconds 678 milliseconds: A resource group with that name already exists. Please use build_resource_group_name to use an existing resource group.[0m
2026-03-09T15:07:18.2797831Z 
2026-03-09T15:07:18.2798273Z ==> Wait completed after 2 seconds 678 milliseconds
2026-03-09T15:07:18.2808402Z 
2026-03-09T15:07:18.2821748Z ==> Some builds didn't complete successfully and had errors:
2026-03-09T15:07:18.2822574Z --> azure-arm.image: A resource group with that name already exists. Please use build_resource_group_name to use an existing resource group.
2026-03-09T15:07:18.2823169Z 
2026-03-09T15:07:18.2823323Z ==> Builds finished but no artifacts were created.
2026-03-09T15:07:18.4684992Z ##[error]Process completed with exit code 1.
2026-03-09T15:07:18.4781411Z ##[group]Run echo "Packer Build Failed for profiles/sql2017-ws2019-standard-gen2. Extracting error tail..."
2026-03-09T15:07:18.4782380Z [36;1mecho "Packer Build Failed for profiles/sql2017-ws2019-standard-gen2. Extracting error tail..."[0m
2026-03-09T15:07:18.4783041Z [36;1mmkdir -p evidence/failures[0m
2026-03-09T15:07:18.4783626Z [36;1mtail -n 50 packerbuild.log > "evidence/failures/failed-sql2017-ws2019-standard-gen2.txt"[0m
2026-03-09T15:07:18.4824196Z shell: /usr/bin/bash --noprofile --norc -e -o pipefail {0}
2026-03-09T15:07:18.4824648Z ##[endgroup]
2026-03-09T15:07:18.4899174Z Packer Build Failed for profiles/sql2017-ws2019-standard-gen2. Extracting error tail...
2026-03-09T15:07:18.5009284Z ##[group]Run echo "Scanning for and deleting orphaned Packer Resource Groups..."
2026-03-09T15:07:18.5010030Z [36;1mecho "Scanning for and deleting orphaned Packer Resource Groups..."[0m
2026-03-09T15:07:18.5010691Z [36;1m# Match precisely the expected Packer temporary naming scheme per workflow ID[0m
2026-03-09T15:07:18.5011400Z [36;1mSTRANDED_RGS=$(az group list --query "[?starts_with(name, 'pkr-Resource-Group-')].name" -o tsv)[0m
2026-03-09T15:07:18.5011982Z [36;1mfor rg in $STRANDED_RGS; do[0m
2026-03-09T15:07:18.5012398Z [36;1m  echo "Attempting cleanup on stranded Resource Group: $rg"[0m
2026-03-09T15:07:18.5012963Z [36;1m  az group delete --name "$rg" --yes --no-wait || echo "Failed to delete $rg"[0m
2026-03-09T15:07:18.5013435Z [36;1mdone[0m
2026-03-09T15:07:18.5032641Z shell: /usr/bin/bash --noprofile --norc -e -o pipefail {0}
2026-03-09T15:07:18.5033061Z ##[endgroup]
2026-03-09T15:07:18.5138793Z Scanning for and deleting orphaned Packer Resource Groups...
2026-03-09T15:07:19.6291802Z ##[group]Run actions/upload-artifact@v4
2026-03-09T15:07:19.6292161Z with:
2026-03-09T15:07:19.6292463Z   name: global-build-errors-sql2017-ws2019-standard-gen2
2026-03-09T15:07:19.6292839Z   path: evidence/failures/
2026-03-09T15:07:19.6293111Z   retention-days: 7
2026-03-09T15:07:19.6293374Z   if-no-files-found: warn
2026-03-09T15:07:19.6293654Z   compression-level: 6
2026-03-09T15:07:19.6293906Z   overwrite: false
2026-03-09T15:07:19.6294161Z   include-hidden-files: false
2026-03-09T15:07:19.6294444Z ##[endgroup]
2026-03-09T15:07:19.8732747Z With the provided path, there will be 1 file uploaded
2026-03-09T15:07:19.8733383Z Artifact name is valid!
2026-03-09T15:07:19.8733646Z Root directory input is valid!
2026-03-09T15:07:20.4889611Z Beginning upload of artifact content to blob storage
2026-03-09T15:07:20.5445275Z Uploaded bytes 913
2026-03-09T15:07:20.5615610Z Finished uploading artifact content to blob storage!
2026-03-09T15:07:20.5620188Z SHA256 digest of uploaded artifact zip is 92ddae1b7439a9a05663f86420feb9349f5f5f1dc7753ce818fea69b238d4db3
2026-03-09T15:07:20.5620990Z Finalizing artifact upload
2026-03-09T15:07:20.8367169Z Artifact global-build-errors-sql2017-ws2019-standard-gen2.zip successfully finalized. Artifact ID 5831764647
2026-03-09T15:07:20.8368510Z Artifact global-build-errors-sql2017-ws2019-standard-gen2 has been successfully uploaded! Final size is 913 bytes. Artifact ID is 5831764647
2026-03-09T15:07:20.8372007Z Artifact download URL: https://github.com/Derek-Coleman-Associates-Corporation/azure-packer-image-factory/actions/runs/22859960512/artifacts/5831764647
2026-03-09T15:07:20.8487242Z Post job cleanup.
2026-03-09T15:07:20.8806083Z Clearing azure cli accounts from the local cache.
2026-03-09T15:07:20.8812708Z [command]/usr/bin/az account clear
2026-03-09T15:07:21.2670055Z Post job cleanup.
2026-03-09T15:07:21.3593661Z [command]/usr/bin/git version
2026-03-09T15:07:21.3625310Z git version 2.34.1
2026-03-09T15:07:21.3660211Z Temporarily overriding HOME='/home/runner/actions-runner/_work/_temp/e94825f8-a619-4f1c-abc2-31f2196de868' before making global git config changes
2026-03-09T15:07:21.3662796Z Adding repository directory to the temporary git global config as a safe directory
2026-03-09T15:07:21.3666082Z [command]/usr/bin/git config --global --add safe.directory /home/runner/actions-runner/_work/azure-packer-image-factory/azure-packer-image-factory
2026-03-09T15:07:21.3717881Z [command]/usr/bin/git config --local --name-only --get-regexp core\.sshCommand
2026-03-09T15:07:21.3760122Z [command]/usr/bin/git submodule foreach --recursive sh -c "git config --local --name-only --get-regexp 'core\.sshCommand' && git config --local --unset-all 'core.sshCommand' || :"
2026-03-09T15:07:21.4043816Z [command]/usr/bin/git config --local --name-only --get-regexp http\.https\:\/\/github\.com\/\.extraheader
2026-03-09T15:07:21.4084292Z http.https://github.com/.extraheader
2026-03-09T15:07:21.4104923Z [command]/usr/bin/git config --local --unset-all http.https://github.com/.extraheader
2026-03-09T15:07:21.4148901Z [command]/usr/bin/git submodule foreach --recursive sh -c "git config --local --name-only --get-regexp 'http\.https\:\/\/github\.com\/\.extraheader' && git config --local --unset-all 'http.https://github.com/.extraheader' || :"
2026-03-09T15:07:21.4428533Z [command]/usr/bin/git config --local --name-only --get-regexp ^includeIf\.gitdir:
2026-03-09T15:07:21.4477545Z [command]/usr/bin/git submodule foreach --recursive git config --local --show-origin --name-only --get-regexp remote.origin.url
2026-03-09T15:07:21.4769533Z Cleaning up orphan processes
