2026-03-09T14:49:28.2065484Z Current runner version: '2.332.0'
2026-03-09T14:49:28.2071897Z Runner name: 'ghrnr000000'
2026-03-09T14:49:28.2072730Z Runner group name: 'default'
2026-03-09T14:49:28.2073608Z Machine name: 'ghrnr000000'
2026-03-09T14:49:28.2076292Z ##[group]GITHUB_TOKEN Permissions
2026-03-09T14:49:28.2078617Z Contents: read
2026-03-09T14:49:28.2079371Z Metadata: read
2026-03-09T14:49:28.2079885Z ##[endgroup]
2026-03-09T14:49:28.2081960Z Secret source: Actions
2026-03-09T14:49:28.2082691Z Prepare workflow directory
2026-03-09T14:49:28.2531026Z Prepare all required actions
2026-03-09T14:49:28.2569338Z Getting action download info
2026-03-09T14:49:28.6781060Z Download action repository 'actions/checkout@v4' (SHA:34e114876b0b11c390a56381ad16ebd13914f8d5)
2026-03-09T14:49:28.9392985Z Download action repository 'azure/login@v2' (SHA:a457da9ea143d694b1b9c7c869ebb04ebe844ef5)
2026-03-09T14:49:29.2004679Z Download action repository 'hashicorp/setup-packer@v3' (SHA:1aa358be5cf73883762b302a3a03abd66e75b232)
2026-03-09T14:49:29.4359894Z Download action repository 'actions/upload-artifact@v4' (SHA:ea165f8d65b6e75b540449e92b4886f43607fa02)
2026-03-09T14:49:29.8918095Z Complete job name: Build Image profiles/sql2017-ws2019-enterprise-gen2
2026-03-09T14:49:29.9826665Z ##[group]Run actions/checkout@v4
2026-03-09T14:49:29.9828387Z with:
2026-03-09T14:49:29.9830250Z   repository: Derek-Coleman-Associates-Corporation/azure-packer-image-factory
2026-03-09T14:49:29.9832546Z   token: ***
2026-03-09T14:49:29.9833728Z   ssh-strict: true
2026-03-09T14:49:29.9834931Z   ssh-user: git
2026-03-09T14:49:29.9836134Z   persist-credentials: true
2026-03-09T14:49:29.9837471Z   clean: true
2026-03-09T14:49:29.9838694Z   sparse-checkout-cone-mode: true
2026-03-09T14:49:29.9840205Z   fetch-depth: 1
2026-03-09T14:49:29.9841407Z   fetch-tags: false
2026-03-09T14:49:29.9842633Z   show-progress: true
2026-03-09T14:49:29.9843878Z   lfs: false
2026-03-09T14:49:29.9845064Z   submodules: false
2026-03-09T14:49:29.9846319Z   set-safe-directory: true
2026-03-09T14:49:29.9847952Z ##[endgroup]
2026-03-09T14:49:30.0948317Z Syncing repository: Derek-Coleman-Associates-Corporation/azure-packer-image-factory
2026-03-09T14:49:30.0952057Z ##[group]Getting Git version info
2026-03-09T14:49:30.0954175Z Working directory is '/home/runner/actions-runner/_work/azure-packer-image-factory/azure-packer-image-factory'
2026-03-09T14:49:30.0956787Z [command]/usr/bin/git version
2026-03-09T14:49:30.0957753Z git version 2.34.1
2026-03-09T14:49:30.0965744Z ##[endgroup]
2026-03-09T14:49:30.0981862Z Temporarily overriding HOME='/home/runner/actions-runner/_work/_temp/a67b4bff-e378-43a9-994b-8f552b4c1d34' before making global git config changes
2026-03-09T14:49:30.0984989Z Adding repository directory to the temporary git global config as a safe directory
2026-03-09T14:49:30.0996270Z [command]/usr/bin/git config --global --add safe.directory /home/runner/actions-runner/_work/azure-packer-image-factory/azure-packer-image-factory
2026-03-09T14:49:30.1031635Z [command]/usr/bin/git config --local --get remote.origin.url
2026-03-09T14:49:30.1051269Z https://github.com/Derek-Coleman-Associates-Corporation/azure-packer-image-factory
2026-03-09T14:49:30.1069994Z ##[group]Removing previously created refs, to avoid conflicts
2026-03-09T14:49:30.1073824Z [command]/usr/bin/git rev-parse --symbolic-full-name --verify --quiet HEAD
2026-03-09T14:49:30.1093538Z refs/heads/master
2026-03-09T14:49:30.1104083Z [command]/usr/bin/git checkout --detach
2026-03-09T14:49:30.1281111Z HEAD is now at d47d298 fix(workflows): update image definition provisioning to use correct offer and sku properties
2026-03-09T14:49:30.1324563Z [command]/usr/bin/git branch --delete --force master
2026-03-09T14:49:30.1350140Z Deleted branch master (was d47d298).
2026-03-09T14:49:30.1388291Z ##[endgroup]
2026-03-09T14:49:30.1390037Z [command]/usr/bin/git submodule status
2026-03-09T14:49:30.1605867Z ##[group]Cleaning the repository
2026-03-09T14:49:30.1608133Z [command]/usr/bin/git clean -ffdx
2026-03-09T14:49:30.1642953Z [command]/usr/bin/git reset --hard HEAD
2026-03-09T14:49:30.1679530Z HEAD is now at d47d298 fix(workflows): update image definition provisioning to use correct offer and sku properties
2026-03-09T14:49:30.1685846Z ##[endgroup]
2026-03-09T14:49:30.1688347Z ##[group]Disabling automatic garbage collection
2026-03-09T14:49:30.1690745Z [command]/usr/bin/git config --local gc.auto 0
2026-03-09T14:49:30.1718198Z ##[endgroup]
2026-03-09T14:49:30.1720174Z ##[group]Setting up auth
2026-03-09T14:49:30.1726063Z [command]/usr/bin/git config --local --name-only --get-regexp core\.sshCommand
2026-03-09T14:49:30.1760411Z [command]/usr/bin/git submodule foreach --recursive sh -c "git config --local --name-only --get-regexp 'core\.sshCommand' && git config --local --unset-all 'core.sshCommand' || :"
2026-03-09T14:49:30.1989770Z [command]/usr/bin/git config --local --name-only --get-regexp http\.https\:\/\/github\.com\/\.extraheader
2026-03-09T14:49:30.2023706Z [command]/usr/bin/git submodule foreach --recursive sh -c "git config --local --name-only --get-regexp 'http\.https\:\/\/github\.com\/\.extraheader' && git config --local --unset-all 'http.https://github.com/.extraheader' || :"
2026-03-09T14:49:30.2266035Z [command]/usr/bin/git config --local --name-only --get-regexp ^includeIf\.gitdir:
2026-03-09T14:49:30.2300489Z [command]/usr/bin/git submodule foreach --recursive git config --local --show-origin --name-only --get-regexp remote.origin.url
2026-03-09T14:49:30.2548191Z [command]/usr/bin/git config --local http.https://github.com/.extraheader AUTHORIZATION: basic ***
2026-03-09T14:49:30.2590097Z ##[endgroup]
2026-03-09T14:49:30.2591568Z ##[group]Fetching the repository
2026-03-09T14:49:30.2599353Z [command]/usr/bin/git -c protocol.version=2 fetch --no-tags --prune --no-recurse-submodules --depth=1 origin +40e90f2d24c4a56eb66dc33e3ad17fcd0869fe5e:refs/remotes/origin/master
2026-03-09T14:49:30.4210876Z From https://github.com/Derek-Coleman-Associates-Corporation/azure-packer-image-factory
2026-03-09T14:49:30.4213734Z  + d47d298...40e90f2 40e90f2d24c4a56eb66dc33e3ad17fcd0869fe5e -> origin/master  (forced update)
2026-03-09T14:49:30.4232242Z ##[endgroup]
2026-03-09T14:49:30.4234909Z ##[group]Determining the checkout info
2026-03-09T14:49:30.4238029Z ##[endgroup]
2026-03-09T14:49:30.4240035Z [command]/usr/bin/git sparse-checkout disable
2026-03-09T14:49:30.4277896Z [command]/usr/bin/git config --local --unset-all extensions.worktreeConfig
2026-03-09T14:49:30.4306085Z ##[group]Checking out the ref
2026-03-09T14:49:30.4309321Z [command]/usr/bin/git checkout --progress --force -B master refs/remotes/origin/master
2026-03-09T14:49:30.4340526Z Warning: you are leaving 1 commit behind, not connected to
2026-03-09T14:49:30.4342020Z any of your branches:
2026-03-09T14:49:30.4342690Z 
2026-03-09T14:49:30.4343834Z   d47d298 fix(workflows): update image definition provisioning to use correct offer and sku properties
2026-03-09T14:49:30.4345414Z 
2026-03-09T14:49:30.4346128Z If you want to keep it by creating a new branch, this may be a good time
2026-03-09T14:49:30.4347556Z to do so with:
2026-03-09T14:49:30.4348185Z 
2026-03-09T14:49:30.4348655Z  git branch <new-branch-name> d47d298
2026-03-09T14:49:30.4349659Z 
2026-03-09T14:49:30.4387442Z Switched to a new branch 'master'
2026-03-09T14:49:30.4390231Z Branch 'master' set up to track remote branch 'master' from 'origin'.
2026-03-09T14:49:30.4395899Z ##[endgroup]
2026-03-09T14:49:30.4428306Z [command]/usr/bin/git log -1 --format=%H
2026-03-09T14:49:30.4450248Z 40e90f2d24c4a56eb66dc33e3ad17fcd0869fe5e
2026-03-09T14:49:30.4733987Z ##[group]Run azure/login@v2
2026-03-09T14:49:30.4735120Z with:
2026-03-09T14:49:30.4736186Z   client-id: ***
2026-03-09T14:49:30.4737253Z   tenant-id: ***
2026-03-09T14:49:30.4738358Z   subscription-id: ***
2026-03-09T14:49:30.4739628Z   enable-AzPSSession: false
2026-03-09T14:49:30.4740748Z   environment: azurecloud
2026-03-09T14:49:30.4741734Z   allow-no-subscriptions: false
2026-03-09T14:49:30.4742849Z   audience: api://AzureADTokenExchange
2026-03-09T14:49:30.4744075Z   auth-type: SERVICE_PRINCIPAL
2026-03-09T14:49:30.4745328Z ##[endgroup]
2026-03-09T14:49:30.5129058Z Running Azure CLI Login.
2026-03-09T14:49:30.7945584Z [command]/usr/bin/az cloud set -n azurecloud
2026-03-09T14:49:31.0832359Z Done setting cloud: "azurecloud"
2026-03-09T14:49:31.2140148Z Federated token details:
2026-03-09T14:49:31.2141225Z  issuer - https://token.actions.githubusercontent.com
2026-03-09T14:49:31.2142649Z  subject claim - repo:Derek-Coleman-Associates-Corporation/azure-packer-image-factory:ref:refs/heads/master
2026-03-09T14:49:31.2143812Z  audience - api://AzureADTokenExchange
2026-03-09T14:49:31.2145134Z  job_workflow_ref - Derek-Coleman-Associates-Corporation/azure-packer-image-factory/.github/workflows/packer-matrix-build.yml@refs/heads/master
2026-03-09T14:49:31.2146583Z Attempting Azure CLI login by using OIDC...
2026-03-09T14:49:32.5261184Z Subscription is set successfully.
2026-03-09T14:49:32.5262117Z Azure CLI login succeeds by using OIDC.
2026-03-09T14:49:32.5346929Z ##[group]Run hashicorp/setup-packer@v3
2026-03-09T14:49:32.5347244Z with:
2026-03-09T14:49:32.5347432Z   version: latest
2026-03-09T14:49:32.5347630Z ##[endgroup]
2026-03-09T14:49:32.6750334Z Installing packer:latest and adding it to GitHub Actions Path
2026-03-09T14:49:32.7581840Z Downloading packer_1.15.0_linux_amd64.zip.
2026-03-09T14:49:32.9650667Z [command]/usr/bin/unzip -o -q /home/runner/actions-runner/_work/_temp/packer_1.15.0_linux_amd64.zip
2026-03-09T14:49:33.3360528Z packer:latest added to path
2026-03-09T14:49:33.6131326Z ##[group]Run set -e
2026-03-09T14:49:33.6131680Z [36;1mset -e[0m
2026-03-09T14:49:33.6132049Z [36;1mPROFILE_FILE="profiles/sql2017-ws2019-enterprise-gen2/profile.yml"[0m
2026-03-09T14:49:33.6132477Z [36;1mif [[ ! -f "$PROFILE_FILE" ]]; then[0m
2026-03-09T14:49:33.6132804Z [36;1m  echo "Profile file missing at $PROFILE_FILE"[0m
2026-03-09T14:49:33.6133105Z [36;1m  exit 1[0m
2026-03-09T14:49:33.6133296Z [36;1mfi[0m
2026-03-09T14:49:33.6133468Z [36;1m[0m
2026-03-09T14:49:33.6133773Z [36;1mprofile_id="$(awk -F': ' '/^profile_id:/{print $2; exit}' "$PROFILE_FILE")"[0m
2026-03-09T14:49:33.6134273Z [36;1mos_family="$(awk -F': ' '/^os_family:/{print $2; exit}' "$PROFILE_FILE")"[0m
2026-03-09T14:49:33.6134757Z [36;1msource_urn="$(awk -F': ' '/^source_image_urn:/{print $2; exit}' "$PROFILE_FILE")"[0m
2026-03-09T14:49:33.6135269Z [36;1mimage_def="$(awk -F': ' '$1 ~ /image_definition/{print $2; exit}' "$PROFILE_FILE")"[0m
2026-03-09T14:49:33.6135783Z [36;1msig_sku="$(awk -F': ' '$1 ~ /sku/{print $2; exit}' "$PROFILE_FILE")"[0m
2026-03-09T14:49:33.6136213Z [36;1mvm_size="$(awk -F': ' '$1 ~ /vm_size/{print $2; exit}' "$PROFILE_FILE")"[0m
2026-03-09T14:49:33.6136547Z [36;1m[0m
2026-03-09T14:49:33.6136863Z [36;1mIFS=':' read -r source_pub source_offer source_sku source_ver <<< "$source_urn"[0m
2026-03-09T14:49:33.6137241Z [36;1m[0m
2026-03-09T14:49:33.6137472Z [36;1mecho "os_family=$os_family" >> "$GITHUB_OUTPUT"[0m
2026-03-09T14:49:33.6137835Z [36;1mecho "profile_id=$profile_id" >> "$GITHUB_OUTPUT"[0m
2026-03-09T14:49:33.6138225Z [36;1mecho "source_pub=$source_pub" >> "$GITHUB_OUTPUT"[0m
2026-03-09T14:49:33.6138618Z [36;1mecho "source_offer=$source_offer" >> "$GITHUB_OUTPUT"[0m
2026-03-09T14:49:33.6139189Z [36;1mecho "source_sku=$source_sku" >> "$GITHUB_OUTPUT"[0m
2026-03-09T14:49:33.6139543Z [36;1mecho "source_ver=$source_ver" >> "$GITHUB_OUTPUT"[0m
2026-03-09T14:49:33.6139908Z [36;1mecho "image_definition=$image_def" >> "$GITHUB_OUTPUT"[0m
2026-03-09T14:49:33.6140269Z [36;1mecho "vm_size=$vm_size" >> "$GITHUB_OUTPUT"[0m
2026-03-09T14:49:33.6140685Z [36;1mecho "temp_rg=rg-packer-temp-${profile_id}-22859198721" >> "$GITHUB_OUTPUT"[0m
2026-03-09T14:49:33.6164008Z shell: /usr/bin/bash --noprofile --norc -e -o pipefail {0}
2026-03-09T14:49:33.6164359Z ##[endgroup]
2026-03-09T14:49:33.6416406Z ##[group]Run set -e
2026-03-09T14:49:33.6416694Z [36;1mset -e[0m
2026-03-09T14:49:33.6416972Z [36;1mDEF_NAME="imgdef-sql2017-ws2019-enterprise-gen2"[0m
2026-03-09T14:49:33.6417349Z [36;1mRG_NAME="RG-PACKER-IMAGE-FACTORY-EASTUS"[0m
2026-03-09T14:49:33.6417937Z [36;1mGALLERY_NAME="acgpackerfactoryeastus"[0m
2026-03-09T14:49:33.6418227Z [36;1mOS_TYPE="Windows"[0m
2026-03-09T14:49:33.6418505Z [36;1mif [ "windows" == "linux" ]; then OS_TYPE="Linux"; fi[0m
2026-03-09T14:49:33.6418807Z [36;1m[0m
2026-03-09T14:49:33.6419274Z [36;1mecho "Verifying image definition: $DEF_NAME"[0m
2026-03-09T14:49:33.6419668Z [36;1m# Try to get the image definition, create if it doesn't exist[0m
2026-03-09T14:49:33.6420202Z [36;1mif ! az sig image-definition show -g "$RG_NAME" -r "$GALLERY_NAME" -i "$DEF_NAME" &>/dev/null; then[0m
2026-03-09T14:49:33.6420830Z [36;1m  echo "Creating missing Image Definition $DEF_NAME in $GALLERY_NAME ($RG_NAME)..."[0m
2026-03-09T14:49:33.6421310Z [36;1m  az sig image-definition create \[0m
2026-03-09T14:49:33.6421590Z [36;1m    -g "$RG_NAME" \[0m
2026-03-09T14:49:33.6421827Z [36;1m    -r "$GALLERY_NAME" \[0m
2026-03-09T14:49:33.6422073Z [36;1m    -i "$DEF_NAME" \[0m
2026-03-09T14:49:33.6422336Z [36;1m    -p "dcassociatesgroup-com" \[0m
2026-03-09T14:49:33.6422613Z [36;1m    -f "sql2017-ws2019" \[0m
2026-03-09T14:49:33.6422867Z [36;1m    -s "enterprise-gen2" \[0m
2026-03-09T14:49:33.6423122Z [36;1m    --os-type "$OS_TYPE" \[0m
2026-03-09T14:49:33.6423377Z [36;1m    --os-state Generalized \[0m
2026-03-09T14:49:33.6423645Z [36;1m    --hyper-v-generation "V1" \[0m
2026-03-09T14:49:33.6423915Z [36;1m    --only-show-errors[0m
2026-03-09T14:49:33.6424147Z [36;1melse[0m
2026-03-09T14:49:33.6424401Z [36;1m  echo "Image definition $DEF_NAME already exists."[0m
2026-03-09T14:49:33.6424701Z [36;1mfi[0m
2026-03-09T14:49:33.6441801Z shell: /usr/bin/bash --noprofile --norc -e -o pipefail {0}
2026-03-09T14:49:33.6442139Z ##[endgroup]
2026-03-09T14:49:33.6476813Z Verifying image definition: imgdef-sql2017-ws2019-enterprise-gen2
2026-03-09T14:49:34.5869818Z Creating missing Image Definition imgdef-sql2017-ws2019-enterprise-gen2 in acgpackerfactoryeastus (RG-PACKER-IMAGE-FACTORY-EASTUS)...
2026-03-09T14:49:36.5789509Z {
2026-03-09T14:49:36.5790053Z   "architecture": "x64",
2026-03-09T14:49:36.5790659Z   "hyperVGeneration": "V1",
2026-03-09T14:49:36.5793307Z   "id": "/subscriptions/***/resourceGroups/RG-PACKER-IMAGE-FACTORY-EASTUS/providers/Microsoft.Compute/galleries/acgpackerfactoryeastus/images/imgdef-sql2017-ws2019-enterprise-gen2",
2026-03-09T14:49:36.5795165Z   "identifier": {
2026-03-09T14:49:36.5795668Z     "offer": "sql2017-ws2019",
2026-03-09T14:49:36.5796265Z     "publisher": "dcassociatesgroup-com",
2026-03-09T14:49:36.5797684Z     "sku": "enterprise-gen2"
2026-03-09T14:49:36.5798175Z   },
2026-03-09T14:49:36.5798716Z   "location": "eastus",
2026-03-09T14:49:36.5799696Z   "name": "imgdef-sql2017-ws2019-enterprise-gen2",
2026-03-09T14:49:36.5800424Z   "osState": "Generalized",
2026-03-09T14:49:36.5800794Z   "osType": "Windows",
2026-03-09T14:49:36.5801177Z   "provisioningState": "Succeeded",
2026-03-09T14:49:36.5801717Z   "resourceGroup": "RG-PACKER-IMAGE-FACTORY-EASTUS",
2026-03-09T14:49:36.5802249Z   "tags": {},
2026-03-09T14:49:36.5802628Z   "type": "Microsoft.Compute/galleries/images"
2026-03-09T14:49:36.5803088Z }
2026-03-09T14:49:36.6997961Z ##[group]Run set -e
2026-03-09T14:49:36.6998257Z [36;1mset -e[0m
2026-03-09T14:49:36.6998452Z [36;1m[0m
2026-03-09T14:49:36.6998684Z [36;1mOS_FAMILY="windows"[0m
2026-03-09T14:49:36.6999215Z [36;1m[0m
2026-03-09T14:49:36.6999539Z [36;1mif [ "$OS_FAMILY" == "windows" ]; then[0m
2026-03-09T14:49:36.7000070Z [36;1m  TEMPLATE_FILE="packer/windows/windows.pkr.hcl"[0m
2026-03-09T14:49:36.7000655Z [36;1m  EXTRA_VARS=( "-var" "vm_admin_password=" )[0m
2026-03-09T14:49:36.7001180Z [36;1melif [ "$OS_FAMILY" == "linux" ]; then[0m
2026-03-09T14:49:36.7001528Z [36;1m  TEMPLATE_FILE="packer/ubuntu/ubuntu.pkr.hcl"[0m
2026-03-09T14:49:36.7001838Z [36;1m  EXTRA_VARS=()[0m
2026-03-09T14:49:36.7002053Z [36;1melse[0m
2026-03-09T14:49:36.7002288Z [36;1m  echo "Unsupported OS family: $OS_FAMILY"[0m
2026-03-09T14:49:36.7002566Z [36;1m  exit 1[0m
2026-03-09T14:49:36.7002984Z [36;1mfi[0m
2026-03-09T14:49:36.7003152Z [36;1m[0m
2026-03-09T14:49:36.7003377Z [36;1mpacker init "$TEMPLATE_FILE"[0m
2026-03-09T14:49:36.7003627Z [36;1m[0m
2026-03-09T14:49:36.7003805Z [36;1mpacker build \[0m
2026-03-09T14:49:36.7004018Z [36;1m  -force \[0m
2026-03-09T14:49:36.7004300Z [36;1m  -var "profile_id=sql2017-ws2019-enterprise-gen2" \[0m
2026-03-09T14:49:36.7004643Z [36;1m  -var "location=eastus" \[0m
2026-03-09T14:49:36.7005017Z [36;1m  -var "build_resource_group_name=RG-PACKER-IMAGE-FACTORY-EASTUS" \[0m
2026-03-09T14:49:36.7005420Z [36;1m  -var "vm_size=Standard_D4as_v5" \[0m
2026-03-09T14:49:36.7005807Z [36;1m  -var "managed_image_name=sql2017-ws2019-enterprise-gen2-22859198721" \[0m
2026-03-09T14:49:36.7006252Z [36;1m  -var "source_image_publisher=MicrosoftSQLServer" \[0m
2026-03-09T14:49:36.7006624Z [36;1m  -var "source_image_offer=sql2017-ws2019" \[0m
2026-03-09T14:49:36.7006951Z [36;1m  -var "source_image_sku=enterprise-gen2" \[0m
2026-03-09T14:49:36.7007293Z [36;1m  -var "source_image_version=latest" \[0m
2026-03-09T14:49:36.7007690Z [36;1m  -var "gallery_resource_group=RG-PACKER-IMAGE-FACTORY-EASTUS" \[0m
2026-03-09T14:49:36.7008129Z [36;1m  -var "gallery_name=acgpackerfactoryeastus" \[0m
2026-03-09T14:49:36.7008548Z [36;1m  -var "image_definition=imgdef-sql2017-ws2019-enterprise-gen2" \[0m
2026-03-09T14:49:36.7009142Z [36;1m  -var "image_version=1.0.14" \[0m
2026-03-09T14:49:36.7009632Z [36;1m  -var "replication_regions=[\"eastus\"]" \[0m
2026-03-09T14:49:36.7009925Z [36;1m  "${EXTRA_VARS[@]}" \[0m
2026-03-09T14:49:36.7010213Z [36;1m  "$TEMPLATE_FILE" 2>&1 | tee packerbuild.log[0m
2026-03-09T14:49:36.7027255Z shell: /usr/bin/bash --noprofile --norc -e -o pipefail {0}
2026-03-09T14:49:36.7027618Z env:
2026-03-09T14:49:36.7027918Z   ARM_CLIENT_ID: ***
2026-03-09T14:49:36.7028292Z   ARM_CLIENT_SECRET: ***
2026-03-09T14:49:36.7028578Z   ARM_TENANT_ID: ***
2026-03-09T14:49:36.7028849Z   ARM_SUBSCRIPTION_ID: ***
2026-03-09T14:49:36.7029295Z ##[endgroup]
2026-03-09T14:49:37.5129087Z [1;32mazure-arm.image: output will be in this color.[0m
2026-03-09T14:49:37.5129565Z 
2026-03-09T14:49:37.5136035Z [1;32m==> azure-arm.image: Running builder ...[0m
2026-03-09T14:49:37.5145589Z [1;32m==> azure-arm.image: Creating Azure Resource Manager (ARM) client ...[0m
2026-03-09T14:49:39.0024228Z [1;32m==> azure-arm.image: ARM Client successfully created[0m
2026-03-09T14:49:40.0927027Z [1;32m==> azure-arm.image: Getting source image id for the deployment ...[0m
2026-03-09T14:49:40.0931447Z [1;32m==> azure-arm.image:  -> SourceImageName: '/subscriptions/***/providers/Microsoft.Compute/locations/eastus/publishers/MicrosoftSQLServer/ArtifactTypes/vmimage/offers/sql2017-ws2019/skus/enterprise-gen2/versions/latest'[0m
2026-03-09T14:49:40.2106706Z [1;32m==> azure-arm.image: Using existing resource group ...[0m
2026-03-09T14:49:40.2108486Z [1;32m==> azure-arm.image:  -> ResourceGroupName : 'RG-PACKER-IMAGE-FACTORY-EASTUS'[0m
2026-03-09T14:49:40.2109923Z [1;32m==> azure-arm.image:  -> Location          : 'eastus'[0m
2026-03-09T14:49:40.2111684Z [1;32m==> azure-arm.image: Validating deployment template ...[0m
2026-03-09T14:49:40.2113581Z [1;32m==> azure-arm.image:  -> ResourceGroupName : 'RG-PACKER-IMAGE-FACTORY-EASTUS'[0m
2026-03-09T14:49:40.2115599Z [1;32m==> azure-arm.image:  -> DeploymentName    : 'kvpkrdpbx4zf8uqeu'[0m
2026-03-09T14:49:41.1438500Z [1;32m==> azure-arm.image: Deploying deployment template ...[0m
2026-03-09T14:49:41.1439946Z [1;32m==> azure-arm.image:  -> ResourceGroupName : 'RG-PACKER-IMAGE-FACTORY-EASTUS'[0m
2026-03-09T14:49:41.1444528Z [1;32m==> azure-arm.image:  -> DeploymentName    : 'kvpkrdpbx4zf8uqeu'[0m
2026-03-09T14:50:22.8515528Z [1;32m==> azure-arm.image: Getting the certificate's URL ...[0m
2026-03-09T14:50:22.8516921Z [1;32m==> azure-arm.image:  -> Key Vault Name        : 'pkrkvbx4zf8uqeu'[0m
2026-03-09T14:50:22.8521030Z [1;32m==> azure-arm.image:  -> Key Vault Secret Name : 'packerKeyVaultSecret'[0m
2026-03-09T14:50:23.0113941Z [1;32m==> azure-arm.image:  -> Certificate URL       : 'https://pkrkvbx4zf8uqeu.vault.azure.net/secrets/packerKeyVaultSecret/57be5e85678740098fb91ae61dc6096d'[0m
2026-03-09T14:50:23.0116191Z [1;32m==> azure-arm.image: Setting the certificate's URL ...[0m
2026-03-09T14:50:23.0117320Z [1;32m==> azure-arm.image: Validating deployment template ...[0m
2026-03-09T14:50:23.0118740Z [1;32m==> azure-arm.image:  -> ResourceGroupName : 'RG-PACKER-IMAGE-FACTORY-EASTUS'[0m
2026-03-09T14:50:23.0121676Z [1;32m==> azure-arm.image:  -> DeploymentName    : 'pkrdpbx4zf8uqeu'[0m
2026-03-09T14:50:24.2138817Z [1;32m==> azure-arm.image: ERROR: -> InvalidTemplateDeployment : The template deployment 'pkrdpbx4zf8uqeu' is not valid according to the validation procedure. The tracking id is 'd15163b7-7e55-4b6b-9a3d-ab6e17af876d'. See inner errors for details.
2026-03-09T14:50:24.2155639Z ==> azure-arm.image: ERROR:   -> QuotaExceeded : Operation could not be completed as it results in exceeding approved standardDASv5Family Cores quota. Additional details - Deployment Model: Resource Manager, Location: eastus, Current Limit: 65, Current Usage: 64, Additional Required: 4, (Minimum) New Limit Required: 68. Setup Alerts when Quota reaches threshold. Learn more at https://aka.ms/quotamonitoringalerting . Submit a request for Quota increase at https://aka.ms/ProdportalCRP/#blade/Microsoft_Azure_Capacity/UsageAndQuota.ReactView/Parameters/%7B%22subscriptionId%22:%22***%22,%22command%22:%22openQuotaApprovalBlade%22,%22quotas%22:[%7B%22location%22:%22eastus%22,%22providerId%22:%22Microsoft.Compute%22,%22resourceName%22:%22standardDASv5Family%22,%22quotaRequest%22:%7B%22properties%22:%7B%22limit%22:68,%22unit%22:%22Count%22,%22name%22:%7B%22value%22:%22standardDASv5Family%22%7D%7D%7D%7D]%7D by specifying parameters listed in the ‘Details’ section for deployment to succeed. Please read more about quota limits at https://docs.microsoft.com/en-us/azure/azure-supportability/per-vm-quota-requests
2026-03-09T14:50:24.2160025Z ==> azure-arm.image:[0m
2026-03-09T14:50:24.2161496Z [1;31m==> azure-arm.image: unexpected status 400 (400 Bad Request) with error: InvalidTemplateDeployment: The template deployment 'pkrdpbx4zf8uqeu' is not valid according to the validation procedure. The tracking id is 'd15163b7-7e55-4b6b-9a3d-ab6e17af876d'. See inner errors for details.[0m
2026-03-09T14:50:24.2162647Z [1;32m==> azure-arm.image: 
2026-03-09T14:50:24.2163020Z ==> azure-arm.image: Deleting KeyVault created during build[0m
2026-03-09T14:50:26.6691876Z [1;32m==> azure-arm.image: Deleted -> Microsoft.KeyVault/vaults : 'pkrkvbx4zf8uqeu'[0m
2026-03-09T14:50:26.6693007Z [1;32m==> azure-arm.image: Removing the created Deployment object: 'kvpkrdpbx4zf8uqeu'[0m
2026-03-09T14:50:37.3046437Z [1;32m==> azure-arm.image: 
2026-03-09T14:50:37.3047611Z ==> azure-arm.image: The resource group was not created by Packer, not deleting ...[0m
2026-03-09T14:50:37.3056931Z [1;31mBuild 'azure-arm.image' errored after 59 seconds 791 milliseconds: unexpected status 400 (400 Bad Request) with error: InvalidTemplateDeployment: The template deployment 'pkrdpbx4zf8uqeu' is not valid according to the validation procedure. The tracking id is 'd15163b7-7e55-4b6b-9a3d-ab6e17af876d'. See inner errors for details.[0m
2026-03-09T14:50:37.3058319Z 
2026-03-09T14:50:37.3058458Z ==> Wait completed after 59 seconds 791 milliseconds
2026-03-09T14:50:37.3058682Z 
2026-03-09T14:50:37.3058832Z ==> Some builds didn't complete successfully and had errors:
2026-03-09T14:50:37.3060156Z --> azure-arm.image: unexpected status 400 (400 Bad Request) with error: InvalidTemplateDeployment: The template deployment 'pkrdpbx4zf8uqeu' is not valid according to the validation procedure. The tracking id is 'd15163b7-7e55-4b6b-9a3d-ab6e17af876d'. See inner errors for details.
2026-03-09T14:50:37.3061162Z 
2026-03-09T14:50:37.3061281Z ==> Builds finished but no artifacts were created.
2026-03-09T14:50:37.5158731Z ##[error]Process completed with exit code 1.
2026-03-09T14:50:37.5207145Z ##[group]Run echo "Packer Build Failed for profiles/sql2017-ws2019-enterprise-gen2. Extracting error tail..."
2026-03-09T14:50:37.5207928Z [36;1mecho "Packer Build Failed for profiles/sql2017-ws2019-enterprise-gen2. Extracting error tail..."[0m
2026-03-09T14:50:37.5208426Z [36;1mmkdir -p evidence/failures[0m
2026-03-09T14:50:37.5209023Z [36;1mtail -n 50 packerbuild.log > "evidence/failures/failed-sql2017-ws2019-enterprise-gen2.txt"[0m
2026-03-09T14:50:37.5226150Z shell: /usr/bin/bash --noprofile --norc -e -o pipefail {0}
2026-03-09T14:50:37.5226491Z ##[endgroup]
2026-03-09T14:50:37.5263461Z Packer Build Failed for profiles/sql2017-ws2019-enterprise-gen2. Extracting error tail...
2026-03-09T14:50:37.5311773Z ##[group]Run echo "Scanning for and deleting orphaned Packer Resource Groups..."
2026-03-09T14:50:37.5312321Z [36;1mecho "Scanning for and deleting orphaned Packer Resource Groups..."[0m
2026-03-09T14:50:37.5312833Z [36;1m# Match precisely the expected Packer temporary naming scheme per workflow ID[0m
2026-03-09T14:50:37.5313440Z [36;1mSTRANDED_RGS=$(az group list --query "[?starts_with(name, 'pkr-Resource-Group-')].name" -o tsv)[0m
2026-03-09T14:50:37.5313898Z [36;1mfor rg in $STRANDED_RGS; do[0m
2026-03-09T14:50:37.5314226Z [36;1m  echo "Attempting cleanup on stranded Resource Group: $rg"[0m
2026-03-09T14:50:37.5314676Z [36;1m  az group delete --name "$rg" --yes --no-wait || echo "Failed to delete $rg"[0m
2026-03-09T14:50:37.5315041Z [36;1mdone[0m
2026-03-09T14:50:37.5330707Z shell: /usr/bin/bash --noprofile --norc -e -o pipefail {0}
2026-03-09T14:50:37.5331029Z ##[endgroup]
2026-03-09T14:50:37.5364314Z Scanning for and deleting orphaned Packer Resource Groups...
2026-03-09T14:50:38.4918576Z ##[group]Run actions/upload-artifact@v4
2026-03-09T14:50:38.4919040Z with:
2026-03-09T14:50:38.4919393Z   name: global-build-errors-sql2017-ws2019-enterprise-gen2
2026-03-09T14:50:38.4919728Z   path: evidence/failures/
2026-03-09T14:50:38.4919949Z   retention-days: 7
2026-03-09T14:50:38.4920169Z   if-no-files-found: warn
2026-03-09T14:50:38.4920382Z   compression-level: 6
2026-03-09T14:50:38.4920587Z   overwrite: false
2026-03-09T14:50:38.4920793Z   include-hidden-files: false
2026-03-09T14:50:38.4921019Z ##[endgroup]
2026-03-09T14:50:38.7066684Z With the provided path, there will be 1 file uploaded
2026-03-09T14:50:38.7072155Z Artifact name is valid!
2026-03-09T14:50:38.7073172Z Root directory input is valid!
2026-03-09T14:50:38.8106701Z Beginning upload of artifact content to blob storage
2026-03-09T14:50:38.8844682Z Uploaded bytes 1657
2026-03-09T14:50:38.9077158Z Finished uploading artifact content to blob storage!
2026-03-09T14:50:38.9080545Z SHA256 digest of uploaded artifact zip is d4569bdbdfc59d97fe0236e61567acbdbee3a55d3d66fe188dde49068729a0a7
2026-03-09T14:50:38.9082488Z Finalizing artifact upload
2026-03-09T14:50:38.9854890Z Artifact global-build-errors-sql2017-ws2019-enterprise-gen2.zip successfully finalized. Artifact ID 5831438747
2026-03-09T14:50:38.9856331Z Artifact global-build-errors-sql2017-ws2019-enterprise-gen2 has been successfully uploaded! Final size is 1657 bytes. Artifact ID is 5831438747
2026-03-09T14:50:38.9863988Z Artifact download URL: https://github.com/Derek-Coleman-Associates-Corporation/azure-packer-image-factory/actions/runs/22859198721/artifacts/5831438747
2026-03-09T14:50:38.9991318Z Post job cleanup.
2026-03-09T14:50:39.0376240Z Clearing azure cli accounts from the local cache.
2026-03-09T14:50:39.0385669Z [command]/usr/bin/az account clear
2026-03-09T14:50:39.4862354Z Post job cleanup.
2026-03-09T14:50:39.5823923Z [command]/usr/bin/git version
2026-03-09T14:50:39.5860705Z git version 2.34.1
2026-03-09T14:50:39.5906912Z Temporarily overriding HOME='/home/runner/actions-runner/_work/_temp/1148ac83-6e0d-4c20-9aa9-14bd9cb5b2aa' before making global git config changes
2026-03-09T14:50:39.5908755Z Adding repository directory to the temporary git global config as a safe directory
2026-03-09T14:50:39.5914649Z [command]/usr/bin/git config --global --add safe.directory /home/runner/actions-runner/_work/azure-packer-image-factory/azure-packer-image-factory
2026-03-09T14:50:39.5959330Z [command]/usr/bin/git config --local --name-only --get-regexp core\.sshCommand
2026-03-09T14:50:39.5995020Z [command]/usr/bin/git submodule foreach --recursive sh -c "git config --local --name-only --get-regexp 'core\.sshCommand' && git config --local --unset-all 'core.sshCommand' || :"
2026-03-09T14:50:39.6225204Z [command]/usr/bin/git config --local --name-only --get-regexp http\.https\:\/\/github\.com\/\.extraheader
2026-03-09T14:50:39.6245887Z http.https://github.com/.extraheader
2026-03-09T14:50:39.6257925Z [command]/usr/bin/git config --local --unset-all http.https://github.com/.extraheader
2026-03-09T14:50:39.6288171Z [command]/usr/bin/git submodule foreach --recursive sh -c "git config --local --name-only --get-regexp 'http\.https\:\/\/github\.com\/\.extraheader' && git config --local --unset-all 'http.https://github.com/.extraheader' || :"
2026-03-09T14:50:39.6503641Z [command]/usr/bin/git config --local --name-only --get-regexp ^includeIf\.gitdir:
2026-03-09T14:50:39.6533475Z [command]/usr/bin/git submodule foreach --recursive git config --local --show-origin --name-only --get-regexp remote.origin.url
2026-03-09T14:50:39.6867193Z Cleaning up orphan processes
