2026-03-09T04:56:19.6354968Z Current runner version: '2.332.0'
2026-03-09T04:56:19.6361945Z Runner name: 'ghrnr000002'
2026-03-09T04:56:19.6362885Z Runner group name: 'default'
2026-03-09T04:56:19.6363863Z Machine name: 'ghrnr000002'
2026-03-09T04:56:19.6366907Z ##[group]GITHUB_TOKEN Permissions
2026-03-09T04:56:19.6369628Z Contents: read
2026-03-09T04:56:19.6370285Z Metadata: read
2026-03-09T04:56:19.6370904Z ##[endgroup]
2026-03-09T04:56:19.6373203Z Secret source: Actions
2026-03-09T04:56:19.6374051Z Prepare workflow directory
2026-03-09T04:56:19.7485121Z Prepare all required actions
2026-03-09T04:56:19.7573933Z Getting action download info
2026-03-09T04:56:20.1341158Z Download action repository 'actions/checkout@v4' (SHA:34e114876b0b11c390a56381ad16ebd13914f8d5)
2026-03-09T04:56:20.3555552Z Download action repository 'azure/login@v2' (SHA:a457da9ea143d694b1b9c7c869ebb04ebe844ef5)
2026-03-09T04:56:20.5113799Z Download action repository 'hashicorp/setup-packer@v3' (SHA:1aa358be5cf73883762b302a3a03abd66e75b232)
2026-03-09T04:56:20.6682553Z Download action repository 'actions/upload-artifact@v4' (SHA:ea165f8d65b6e75b540449e92b4886f43607fa02)
2026-03-09T04:56:21.1184991Z Complete job name: Build Image profiles/sql2017-ws2019-developer-gen2
2026-03-09T04:56:21.2284998Z ##[group]Run actions/checkout@v4
2026-03-09T04:56:21.2286621Z with:
2026-03-09T04:56:21.2288321Z   repository: Derek-Coleman-Associates-Corporation/azure-packer-image-factory
2026-03-09T04:56:21.2290518Z   token: ***
2026-03-09T04:56:21.2291456Z   ssh-strict: true
2026-03-09T04:56:21.2292419Z   ssh-user: git
2026-03-09T04:56:21.2293400Z   persist-credentials: true
2026-03-09T04:56:21.2294479Z   clean: true
2026-03-09T04:56:21.2295453Z   sparse-checkout-cone-mode: true
2026-03-09T04:56:21.2296650Z   fetch-depth: 1
2026-03-09T04:56:21.2297620Z   fetch-tags: false
2026-03-09T04:56:21.2298794Z   show-progress: true
2026-03-09T04:56:21.2299774Z   lfs: false
2026-03-09T04:56:21.2300712Z   submodules: false
2026-03-09T04:56:21.2301721Z   set-safe-directory: true
2026-03-09T04:56:21.2303320Z ##[endgroup]
2026-03-09T04:56:21.3775317Z Syncing repository: Derek-Coleman-Associates-Corporation/azure-packer-image-factory
2026-03-09T04:56:21.3789634Z ##[group]Getting Git version info
2026-03-09T04:56:21.3792110Z Working directory is '/home/runner/actions-runner/_work/azure-packer-image-factory/azure-packer-image-factory'
2026-03-09T04:56:21.3795263Z [command]/usr/bin/git version
2026-03-09T04:56:21.3796480Z git version 2.34.1
2026-03-09T04:56:21.3825564Z ##[endgroup]
2026-03-09T04:56:21.3841409Z Temporarily overriding HOME='/home/runner/actions-runner/_work/_temp/4059fecd-d82e-4686-9758-02268a56af9f' before making global git config changes
2026-03-09T04:56:21.3846775Z Adding repository directory to the temporary git global config as a safe directory
2026-03-09T04:56:21.3862767Z [command]/usr/bin/git config --global --add safe.directory /home/runner/actions-runner/_work/azure-packer-image-factory/azure-packer-image-factory
2026-03-09T04:56:21.3919082Z [command]/usr/bin/git config --local --get remote.origin.url
2026-03-09T04:56:21.3969173Z https://github.com/Derek-Coleman-Associates-Corporation/azure-packer-image-factory
2026-03-09T04:56:21.3994623Z ##[group]Removing previously created refs, to avoid conflicts
2026-03-09T04:56:21.4004909Z [command]/usr/bin/git rev-parse --symbolic-full-name --verify --quiet HEAD
2026-03-09T04:56:21.4036434Z refs/heads/master
2026-03-09T04:56:21.4054577Z [command]/usr/bin/git checkout --detach
2026-03-09T04:56:21.4143480Z HEAD is now at e871e04 fix: switch packer to use azure cli auth to utilize OIDC token rather than falling back to VMSS MSI
2026-03-09T04:56:21.4229594Z [command]/usr/bin/git branch --delete --force master
2026-03-09T04:56:21.4242494Z Deleted branch master (was e871e04).
2026-03-09T04:56:21.4311403Z ##[endgroup]
2026-03-09T04:56:21.4317182Z [command]/usr/bin/git submodule status
2026-03-09T04:56:21.4614643Z ##[group]Cleaning the repository
2026-03-09T04:56:21.4629351Z [command]/usr/bin/git clean -ffdx
2026-03-09T04:56:21.4677410Z Removing packerbuild.log
2026-03-09T04:56:21.4697096Z [command]/usr/bin/git reset --hard HEAD
2026-03-09T04:56:21.4774724Z HEAD is now at e871e04 fix: switch packer to use azure cli auth to utilize OIDC token rather than falling back to VMSS MSI
2026-03-09T04:56:21.4779137Z ##[endgroup]
2026-03-09T04:56:21.4780860Z ##[group]Disabling automatic garbage collection
2026-03-09T04:56:21.4782278Z [command]/usr/bin/git config --local gc.auto 0
2026-03-09T04:56:21.4842290Z ##[endgroup]
2026-03-09T04:56:21.4843813Z ##[group]Setting up auth
2026-03-09T04:56:21.4845372Z [command]/usr/bin/git config --local --name-only --get-regexp core\.sshCommand
2026-03-09T04:56:21.4895535Z [command]/usr/bin/git submodule foreach --recursive sh -c "git config --local --name-only --get-regexp 'core\.sshCommand' && git config --local --unset-all 'core.sshCommand' || :"
2026-03-09T04:56:21.5161254Z [command]/usr/bin/git config --local --name-only --get-regexp http\.https\:\/\/github\.com\/\.extraheader
2026-03-09T04:56:21.5200683Z [command]/usr/bin/git submodule foreach --recursive sh -c "git config --local --name-only --get-regexp 'http\.https\:\/\/github\.com\/\.extraheader' && git config --local --unset-all 'http.https://github.com/.extraheader' || :"
2026-03-09T04:56:21.5487308Z [command]/usr/bin/git config --local --name-only --get-regexp ^includeIf\.gitdir:
2026-03-09T04:56:21.5540336Z [command]/usr/bin/git submodule foreach --recursive git config --local --show-origin --name-only --get-regexp remote.origin.url
2026-03-09T04:56:21.6045493Z [command]/usr/bin/git config --local http.https://github.com/.extraheader AUTHORIZATION: basic ***
2026-03-09T04:56:21.6161261Z ##[endgroup]
2026-03-09T04:56:21.6169693Z ##[group]Fetching the repository
2026-03-09T04:56:21.6191869Z [command]/usr/bin/git -c protocol.version=2 fetch --no-tags --prune --no-recurse-submodules --depth=1 origin +9d372d2f4359804147e51991e3a1159b3cffde4f:refs/remotes/origin/master
2026-03-09T04:56:21.8436026Z From https://github.com/Derek-Coleman-Associates-Corporation/azure-packer-image-factory
2026-03-09T04:56:21.8438864Z  + e871e04...9d372d2 9d372d2f4359804147e51991e3a1159b3cffde4f -> origin/master  (forced update)
2026-03-09T04:56:21.8442965Z ##[endgroup]
2026-03-09T04:56:21.8444805Z ##[group]Determining the checkout info
2026-03-09T04:56:21.8446532Z ##[endgroup]
2026-03-09T04:56:21.8447595Z [command]/usr/bin/git sparse-checkout disable
2026-03-09T04:56:21.8467931Z [command]/usr/bin/git config --local --unset-all extensions.worktreeConfig
2026-03-09T04:56:21.8471817Z ##[group]Checking out the ref
2026-03-09T04:56:21.8473644Z [command]/usr/bin/git checkout --progress --force -B master refs/remotes/origin/master
2026-03-09T04:56:21.8475852Z Warning: you are leaving 1 commit behind, not connected to
2026-03-09T04:56:21.8477409Z any of your branches:
2026-03-09T04:56:21.8478345Z 
2026-03-09T04:56:21.8479717Z   e871e04 fix: switch packer to use azure cli auth to utilize OIDC token rather than falling back to VMSS MSI
2026-03-09T04:56:21.8481390Z 
2026-03-09T04:56:21.8482167Z If you want to keep it by creating a new branch, this may be a good time
2026-03-09T04:56:21.8483776Z to do so with:
2026-03-09T04:56:21.8484446Z 
2026-03-09T04:56:21.8484933Z  git branch <new-branch-name> e871e04
2026-03-09T04:56:21.8485769Z 
2026-03-09T04:56:21.8500826Z Switched to a new branch 'master'
2026-03-09T04:56:21.8511938Z Branch 'master' set up to track remote branch 'master' from 'origin'.
2026-03-09T04:56:21.8515614Z ##[endgroup]
2026-03-09T04:56:21.8570381Z [command]/usr/bin/git log -1 --format=%H
2026-03-09T04:56:21.8585689Z 9d372d2f4359804147e51991e3a1159b3cffde4f
2026-03-09T04:56:21.9109787Z ##[group]Run azure/login@v2
2026-03-09T04:56:21.9110915Z with:
2026-03-09T04:56:21.9112137Z   client-id: ***
2026-03-09T04:56:21.9113500Z   tenant-id: ***
2026-03-09T04:56:21.9114808Z   subscription-id: ***
2026-03-09T04:56:21.9116007Z   enable-AzPSSession: false
2026-03-09T04:56:21.9117228Z   environment: azurecloud
2026-03-09T04:56:21.9118606Z   allow-no-subscriptions: false
2026-03-09T04:56:21.9119927Z   audience: api://AzureADTokenExchange
2026-03-09T04:56:21.9121614Z   auth-type: SERVICE_PRINCIPAL
2026-03-09T04:56:21.9122778Z ##[endgroup]
2026-03-09T04:56:21.9672719Z Running Azure CLI Login.
2026-03-09T04:56:22.3441643Z [command]/usr/bin/az cloud set -n azurecloud
2026-03-09T04:56:22.8989492Z Done setting cloud: "azurecloud"
2026-03-09T04:56:23.1165569Z Federated token details:
2026-03-09T04:56:23.1166299Z  issuer - https://token.actions.githubusercontent.com
2026-03-09T04:56:23.1167366Z  subject claim - repo:Derek-Coleman-Associates-Corporation/azure-packer-image-factory:ref:refs/heads/master
2026-03-09T04:56:23.1390826Z  audience - api://AzureADTokenExchange
2026-03-09T04:56:23.1391888Z  job_workflow_ref - Derek-Coleman-Associates-Corporation/azure-packer-image-factory/.github/workflows/packer-matrix-build.yml@refs/heads/master
2026-03-09T04:56:23.1392808Z Attempting Azure CLI login by using OIDC...
2026-03-09T04:56:25.0447024Z Subscription is set successfully.
2026-03-09T04:56:25.0461697Z Azure CLI login succeeds by using OIDC.
2026-03-09T04:56:25.0725533Z ##[group]Run hashicorp/setup-packer@v3
2026-03-09T04:56:25.0725948Z with:
2026-03-09T04:56:25.0726197Z   version: latest
2026-03-09T04:56:25.0726447Z ##[endgroup]
2026-03-09T04:56:25.3089485Z Installing packer:latest and adding it to GitHub Actions Path
2026-03-09T04:56:25.4458530Z Downloading packer_1.15.0_linux_amd64.zip.
2026-03-09T04:56:25.8450795Z [command]/usr/bin/unzip -o -q /home/runner/actions-runner/_work/_temp/packer_1.15.0_linux_amd64.zip
2026-03-09T04:56:26.2248331Z packer:latest added to path
2026-03-09T04:56:26.5200269Z ##[group]Run set -e
2026-03-09T04:56:26.5200558Z [36;1mset -e[0m
2026-03-09T04:56:26.5200862Z [36;1mPROFILE_FILE="profiles/sql2017-ws2019-developer-gen2/profile.yml"[0m
2026-03-09T04:56:26.5201199Z [36;1mif [[ ! -f "$PROFILE_FILE" ]]; then[0m
2026-03-09T04:56:26.5201468Z [36;1m  echo "Profile file missing at $PROFILE_FILE"[0m
2026-03-09T04:56:26.5201719Z [36;1m  exit 1[0m
2026-03-09T04:56:26.5201865Z [36;1mfi[0m
2026-03-09T04:56:26.5202030Z [36;1m[0m
2026-03-09T04:56:26.5202270Z [36;1mprofile_id="$(awk -F': ' '/^profile_id:/{print $2; exit}' "$PROFILE_FILE")"[0m
2026-03-09T04:56:26.5202641Z [36;1mos_family="$(awk -F': ' '/^os_family:/{print $2; exit}' "$PROFILE_FILE")"[0m
2026-03-09T04:56:26.5203014Z [36;1msource_urn="$(awk -F': ' '/^source_image_urn:/{print $2; exit}' "$PROFILE_FILE")"[0m
2026-03-09T04:56:26.5203399Z [36;1mimage_def="$(awk -F': ' '$1 ~ /image_definition/{print $2; exit}' "$PROFILE_FILE")"[0m
2026-03-09T04:56:26.5203790Z [36;1msig_sku="$(awk -F': ' '$1 ~ /sku/{print $2; exit}' "$PROFILE_FILE")"[0m
2026-03-09T04:56:26.5204116Z [36;1mvm_size="$(awk -F': ' '$1 ~ /vm_size/{print $2; exit}' "$PROFILE_FILE")"[0m
2026-03-09T04:56:26.5204364Z [36;1m[0m
2026-03-09T04:56:26.5204607Z [36;1mIFS=':' read -r source_pub source_offer source_sku source_ver <<< "$source_urn"[0m
2026-03-09T04:56:26.5204897Z [36;1m[0m
2026-03-09T04:56:26.5205078Z [36;1mecho "os_family=$os_family" >> "$GITHUB_OUTPUT"[0m
2026-03-09T04:56:26.5205359Z [36;1mecho "profile_id=$profile_id" >> "$GITHUB_OUTPUT"[0m
2026-03-09T04:56:26.5205659Z [36;1mecho "source_pub=$source_pub" >> "$GITHUB_OUTPUT"[0m
2026-03-09T04:56:26.5205980Z [36;1mecho "source_offer=$source_offer" >> "$GITHUB_OUTPUT"[0m
2026-03-09T04:56:26.5206268Z [36;1mecho "source_sku=$source_sku" >> "$GITHUB_OUTPUT"[0m
2026-03-09T04:56:26.5206531Z [36;1mecho "source_ver=$source_ver" >> "$GITHUB_OUTPUT"[0m
2026-03-09T04:56:26.5206805Z [36;1mecho "image_definition=$image_def" >> "$GITHUB_OUTPUT"[0m
2026-03-09T04:56:26.5207081Z [36;1mecho "vm_size=$vm_size" >> "$GITHUB_OUTPUT"[0m
2026-03-09T04:56:26.5207403Z [36;1mecho "temp_rg=rg-packer-temp-${profile_id}-22839022030" >> "$GITHUB_OUTPUT"[0m
2026-03-09T04:56:26.5227857Z shell: /usr/bin/bash --noprofile --norc -e -o pipefail {0}
2026-03-09T04:56:26.5228393Z ##[endgroup]
2026-03-09T04:56:26.5446712Z ##[group]Run set -e
2026-03-09T04:56:26.5446936Z [36;1mset -e[0m
2026-03-09T04:56:26.5447148Z [36;1mDEF_NAME="imgdef-sql2017-ws2019-developer-gen2"[0m
2026-03-09T04:56:26.5447614Z [36;1mRG_NAME="RG-PACKER-IMAGE-FACTORY-EASTUS"[0m
2026-03-09T04:56:26.5447864Z [36;1mGALLERY_NAME="acgpackerfactoryeastus"[0m
2026-03-09T04:56:26.5448380Z [36;1mOS_TYPE="Windows"[0m
2026-03-09T04:56:26.5448616Z [36;1mif [ "windows" == "linux" ]; then OS_TYPE="Linux"; fi[0m
2026-03-09T04:56:26.5448853Z [36;1m[0m
2026-03-09T04:56:26.5449032Z [36;1mecho "Verifying image definition: $DEF_NAME"[0m
2026-03-09T04:56:26.5449335Z [36;1m# Try to get the image definition, create if it doesn't exist[0m
2026-03-09T04:56:26.5449751Z [36;1mif ! az sig image-definition show -g "$RG_NAME" -r "$GALLERY_NAME" -i "$DEF_NAME" &>/dev/null; then[0m
2026-03-09T04:56:26.5450221Z [36;1m  echo "Creating missing Image Definition $DEF_NAME in $GALLERY_NAME ($RG_NAME)..."[0m
2026-03-09T04:56:26.5450594Z [36;1m  az sig image-definition create \[0m
2026-03-09T04:56:26.5450817Z [36;1m    -g "$RG_NAME" \[0m
2026-03-09T04:56:26.5451005Z [36;1m    -r "$GALLERY_NAME" \[0m
2026-03-09T04:56:26.5451204Z [36;1m    -i "$DEF_NAME" \[0m
2026-03-09T04:56:26.5451393Z [36;1m    -p "DerekColeman" \[0m
2026-03-09T04:56:26.5451581Z [36;1m    -f "" \[0m
2026-03-09T04:56:26.5451736Z [36;1m    -s "" \[0m
2026-03-09T04:56:26.5451900Z [36;1m    --os-type "$OS_TYPE" \[0m
2026-03-09T04:56:26.5452112Z [36;1m    --os-state Generalized \[0m
2026-03-09T04:56:26.5452326Z [36;1m    --hyper-v-generation "V1" \[0m
2026-03-09T04:56:26.5452535Z [36;1m    --only-show-errors[0m
2026-03-09T04:56:26.5452715Z [36;1melse[0m
2026-03-09T04:56:26.5452915Z [36;1m  echo "Image definition $DEF_NAME already exists."[0m
2026-03-09T04:56:26.5453147Z [36;1mfi[0m
2026-03-09T04:56:26.5467402Z shell: /usr/bin/bash --noprofile --norc -e -o pipefail {0}
2026-03-09T04:56:26.5467656Z ##[endgroup]
2026-03-09T04:56:26.5510964Z Verifying image definition: imgdef-sql2017-ws2019-developer-gen2
2026-03-09T04:56:27.6562688Z Creating missing Image Definition imgdef-sql2017-ws2019-developer-gen2 in acgpackerfactoryeastus (RG-PACKER-IMAGE-FACTORY-EASTUS)...
2026-03-09T04:56:28.9463400Z ERROR: (InvalidParameter) Asset name 'galleryImage.properties.identifier.offer':'' is not valid. It cannot be empty. Allowed characters are uppercase or lowercase letters, digits, hyphen(-), period (.), underscore (_). Names are not allowed to end with period(.). The length of the name cannot exceed 64 characters.
2026-03-09T04:56:28.9466207Z Code: InvalidParameter
2026-03-09T04:56:28.9467463Z Message: Asset name 'galleryImage.properties.identifier.offer':'' is not valid. It cannot be empty. Allowed characters are uppercase or lowercase letters, digits, hyphen(-), period (.), underscore (_). Names are not allowed to end with period(.). The length of the name cannot exceed 64 characters.
2026-03-09T04:56:28.9468965Z Target: galleryImage.properties.identifier.offer
2026-03-09T04:56:29.3541679Z ##[error]Process completed with exit code 1.
2026-03-09T04:56:29.3645716Z ##[group]Run echo "Packer Build Failed for profiles/sql2017-ws2019-developer-gen2. Extracting error tail..."
2026-03-09T04:56:29.3646677Z [36;1mecho "Packer Build Failed for profiles/sql2017-ws2019-developer-gen2. Extracting error tail..."[0m
2026-03-09T04:56:29.3647272Z [36;1mmkdir -p evidence/failures[0m
2026-03-09T04:56:29.3647799Z [36;1mtail -n 50 packerbuild.log > "evidence/failures/failed-sql2017-ws2019-developer-gen2.txt"[0m
2026-03-09T04:56:29.3682242Z shell: /usr/bin/bash --noprofile --norc -e -o pipefail {0}
2026-03-09T04:56:29.3682643Z ##[endgroup]
2026-03-09T04:56:29.3726840Z Packer Build Failed for profiles/sql2017-ws2019-developer-gen2. Extracting error tail...
2026-03-09T04:56:29.3770777Z tail: cannot open 'packerbuild.log' for reading: No such file or directory
2026-03-09T04:56:29.3774805Z ##[error]Process completed with exit code 1.
2026-03-09T04:56:29.3822540Z ##[group]Run echo "Scanning for and deleting orphaned Packer Resource Groups..."
2026-03-09T04:56:29.3823233Z [36;1mecho "Scanning for and deleting orphaned Packer Resource Groups..."[0m
2026-03-09T04:56:29.3824113Z [36;1m# Match precisely the expected Packer temporary naming scheme per workflow ID[0m
2026-03-09T04:56:29.3824843Z [36;1mSTRANDED_RGS=$(az group list --query "[?starts_with(name, 'pkr-Resource-Group-')].name" -o tsv)[0m
2026-03-09T04:56:29.3825408Z [36;1mfor rg in $STRANDED_RGS; do[0m
2026-03-09T04:56:29.3825821Z [36;1m  echo "Attempting cleanup on stranded Resource Group: $rg"[0m
2026-03-09T04:56:29.3826373Z [36;1m  az group delete --name "$rg" --yes --no-wait || echo "Failed to delete $rg"[0m
2026-03-09T04:56:29.3826822Z [36;1mdone[0m
2026-03-09T04:56:29.3865315Z shell: /usr/bin/bash --noprofile --norc -e -o pipefail {0}
2026-03-09T04:56:29.3865728Z ##[endgroup]
2026-03-09T04:56:29.3984214Z Scanning for and deleting orphaned Packer Resource Groups...
2026-03-09T04:56:30.5906613Z ##[group]Run actions/upload-artifact@v4
2026-03-09T04:56:30.5906833Z with:
2026-03-09T04:56:30.5907042Z   name: global-build-errors-sql2017-ws2019-developer-gen2
2026-03-09T04:56:30.5907294Z   path: evidence/failures/
2026-03-09T04:56:30.5907483Z   retention-days: 7
2026-03-09T04:56:30.5907648Z   if-no-files-found: warn
2026-03-09T04:56:30.5907825Z   compression-level: 6
2026-03-09T04:56:30.5908228Z   overwrite: false
2026-03-09T04:56:30.5908442Z   include-hidden-files: false
2026-03-09T04:56:30.5908631Z ##[endgroup]
2026-03-09T04:56:30.7727846Z With the provided path, there will be 1 file uploaded
2026-03-09T04:56:30.7732887Z Artifact name is valid!
2026-03-09T04:56:30.7733409Z Root directory input is valid!
2026-03-09T04:56:30.8574207Z Beginning upload of artifact content to blob storage
2026-03-09T04:56:30.9127094Z Uploaded bytes 196
2026-03-09T04:56:30.9301928Z Finished uploading artifact content to blob storage!
2026-03-09T04:56:30.9306047Z SHA256 digest of uploaded artifact zip is c5afa00c0e21747a2589ba43501103a66b7b4041c71e37905d3405e6eb241232
2026-03-09T04:56:30.9307385Z Finalizing artifact upload
2026-03-09T04:56:31.0212484Z Artifact global-build-errors-sql2017-ws2019-developer-gen2.zip successfully finalized. Artifact ID 5823343728
2026-03-09T04:56:31.0214461Z Artifact global-build-errors-sql2017-ws2019-developer-gen2 has been successfully uploaded! Final size is 196 bytes. Artifact ID is 5823343728
2026-03-09T04:56:31.0221016Z Artifact download URL: https://github.com/Derek-Coleman-Associates-Corporation/azure-packer-image-factory/actions/runs/22839022030/artifacts/5823343728
2026-03-09T04:56:31.0329414Z Post job cleanup.
2026-03-09T04:56:31.0667967Z Clearing azure cli accounts from the local cache.
2026-03-09T04:56:31.0674690Z [command]/usr/bin/az account clear
2026-03-09T04:56:31.4986765Z Post job cleanup.
2026-03-09T04:56:31.5852157Z [command]/usr/bin/git version
2026-03-09T04:56:31.5883821Z git version 2.34.1
2026-03-09T04:56:31.5927759Z Temporarily overriding HOME='/home/runner/actions-runner/_work/_temp/429fdc64-a717-40d5-b614-9dac3744e910' before making global git config changes
2026-03-09T04:56:31.5930701Z Adding repository directory to the temporary git global config as a safe directory
2026-03-09T04:56:31.5938946Z [command]/usr/bin/git config --global --add safe.directory /home/runner/actions-runner/_work/azure-packer-image-factory/azure-packer-image-factory
2026-03-09T04:56:31.5990760Z [command]/usr/bin/git config --local --name-only --get-regexp core\.sshCommand
2026-03-09T04:56:31.6039167Z [command]/usr/bin/git submodule foreach --recursive sh -c "git config --local --name-only --get-regexp 'core\.sshCommand' && git config --local --unset-all 'core.sshCommand' || :"
2026-03-09T04:56:31.6323121Z [command]/usr/bin/git config --local --name-only --get-regexp http\.https\:\/\/github\.com\/\.extraheader
2026-03-09T04:56:31.6368387Z http.https://github.com/.extraheader
2026-03-09T04:56:31.6375298Z [command]/usr/bin/git config --local --unset-all http.https://github.com/.extraheader
2026-03-09T04:56:31.6431588Z [command]/usr/bin/git submodule foreach --recursive sh -c "git config --local --name-only --get-regexp 'http\.https\:\/\/github\.com\/\.extraheader' && git config --local --unset-all 'http.https://github.com/.extraheader' || :"
2026-03-09T04:56:31.6644242Z [command]/usr/bin/git config --local --name-only --get-regexp ^includeIf\.gitdir:
2026-03-09T04:56:31.6670966Z [command]/usr/bin/git submodule foreach --recursive git config --local --show-origin --name-only --get-regexp remote.origin.url
2026-03-09T04:56:31.6954765Z Cleaning up orphan processes
